0.100000001 -2.00002 2.00009 1.57084
0.150000006 -2.00003 2.00011 1.57088
0.250000000 -1.99419 1.9998 1.57069
0.400000006 -1.94801 1.99732 1.55907
0.500000000 -1.9132 1.99651 1.53815
0.649999976 -1.86 1.99508 1.50802
0.699999988 -1.84186 1.99465 1.49883
0.850000024 -1.78766 1.99288 1.47012
0.949999988 -1.75133 1.99148 1.45135
1.049999952 -1.71482 1.99013 1.43256
1.100000024 -1.69636 1.98949 1.4235
1.200000048 -1.65975 1.98792 1.40471
1.450000048 -1.56833 1.98349 1.35757
1.500000000 -1.54985 1.98263 1.34834
1.649999976 -1.49504 1.97955 1.31966
1.700000048 -1.47658 1.97856 1.31047
1.750000000 -1.45838 1.97737 1.30083
1.799999952 -1.43994 1.97635 1.29163
1.950000048 -1.3851 1.97278 1.26309
2.000000000 -1.36666 1.97166 1.25381
2.099999905 -1.33 1.96922 1.23488
2.150000095 -1.31176 1.96791 1.22534
2.200000048 -1.29331 1.96668 1.21614
2.349999905 -1.23841 1.9627 1.188
2.400000095 -1.21998 1.96142 1.17881
2.450000048 -1.20171 1.96001 1.16941
2.500000000 -1.18326 1.95869 1.1602
2.549999952 -1.16496 1.95725 1.15082
2.650000095 -1.12818 1.95447 1.1324
2.700000048 -1.10969 1.95316 1.12343
2.849999905 -1.05446 1.94895 1.09623
2.900000095 -1.03597 1.94759 1.08731
2.950000048 -1.01758 1.94614 1.07819
3.000000000 -0.999122 1.94474 1.06924
3.049999952 -0.980699 1.94323 1.06023
3.250000000 -0.9071 1.93739 1.02442
3.400000095 -0.85211 1.93282 0.997726
3.450000048 -0.833762 1.9312 0.988832
3.500000000 -0.815366 1.92971 0.980034
3.549999952 -0.797237 1.92806 0.971147
3.650000095 -0.760944 1.92483 0.953456
3.750000000 -0.72472 1.92152 0.93555
3.849999905 -0.690816 1.91923 0.920593
3.900000095 -0.674071 1.91795 0.912865
4.099999905 -0.605343 1.91183 0.880197
4.199999809 -0.570153 1.90846 0.863219
4.300000191 -0.53459 1.905 0.84623
4.449999809 -0.481242 1.89966 0.820768
4.500000000 -0.463372 1.89791 0.812215
4.550000191 -0.445879 1.8965 0.805061
4.599999905 -0.429191 1.89511 0.798106
4.800000191 -0.360985 1.88879 0.768151
4.900000095 -0.326167 1.88545 0.752098
4.949999809 -0.308681 1.88379 0.743888
5.050000191 -0.273762 1.88048 0.727421
5.199999809 -0.22188 1.87576 0.703311
5.300000191 -0.189136 1.8728 0.688377
5.349999905 -0.172455 1.8712 0.680528
5.400000095 -0.155424 1.86959 0.672662
5.449999809 -0.138288 1.86793 0.664506
5.500000000 -0.120891 1.86628 0.656521
5.550000191 -0.103493 1.86459 0.648234
5.599999905 -0.0858165 1.86293 0.640202
5.750000000 -0.0331073 1.85785 0.615458
5.900000095 0.0172777 1.85273 0.594341
5.949999809 0.0341682 1.85097 0.586724
6.000000000 0.0513429 1.84922 0.579147
6.050000191 0.0687408 1.84741 0.571251
6.099999905 0.0862677 1.84564 0.563334
6.150000095 0.103922 1.84382 0.555193
6.199999809 0.121622 1.84204 0.547202
6.300000191 0.157205 1.8384 0.530848
6.400000095 0.193018 1.83483 0.514417
6.449999809 0.210562 1.83259 0.507586
6.500000000 0.227299 1.83068 0.500942
6.599999905 0.261563 1.82683 0.486728
6.699999809 0.296779 1.82289 0.471701
6.849999905 0.350778 1.81688 0.44838
7.000000000 0.405446 1.81104 0.424958
7.099999905 0.440019 1.80639 0.41205
7.150000095 0.457131 1.80423 0.405233
7.199999809 0.474525 1.80218 0.398428
7.250000000 0.492215 1.80003 0.391144
7.449999809 0.565014 1.79145 0.360943
7.800000191 0.696255 1.77626 0.306602
7.849999905 0.714251 1.77337 0.299981
7.900000095 0.731464 1.77103 0.29361
8.050000191 0.784333 1.76401 0.272785
8.399999619 0.914683 1.74724 0.219233
8.500000000 0.952838 1.74222 0.203414
8.550000191 0.971975 1.73971 0.195716
8.699999809 1.02975 1.73202 0.172016
8.750000000 1.04905 1.7294 0.164164
8.850000381 1.08782 1.72413 0.148269
8.899999619 1.10725 1.72145 0.140236
9.000000000 1.14594 1.71618 0.12448
9.100000381 1.18467 1.71082 0.108532
9.199999809 1.22337 1.70544 0.0926558
9.250000000 1.24265 1.70274 0.0847545
9.350000381 1.28128 1.69739 0.0688563
9.399999619 1.30057 1.69477 0.0610046
9.449999809 1.31983 1.69207 0.0531733
9.649999619 1.39692 1.68132 0.0218431
9.699999809 1.41615 1.67864 0.0139837
9.800000191 1.45459 1.67314 -0.00201672
10.000000000 1.53123 1.66211 -0.0338117
10.050000191 1.55027 1.65937 -0.0416235
10.100000381 1.56933 1.65669 -0.0494681
10.199999809 1.60739 1.65131 -0.0650596
10.250000000 1.62639 1.64859 -0.0728339
10.300000191 1.64541 1.64591 -0.0806791
10.449999809 1.69672 1.63346 -0.105236
10.500000000 1.70618 1.62203 -0.116876
10.600000381 1.71957 1.59297 -0.141023
10.800000191 1.73023 1.52603 -0.183769
10.850000381 1.73047 1.5088 -0.194023
10.899999619 1.73015 1.49124 -0.203772
11.000000000 1.72795 1.45598 -0.223334
11.050000191 1.72619 1.43835 -0.233301
11.149999619 1.72188 1.40269 -0.252692
11.199999809 1.71943 1.38469 -0.2621
11.250000000 1.71669 1.3669 -0.271945
11.300000191 1.71386 1.34886 -0.28131
11.350000381 1.71083 1.33105 -0.291087
11.399999619 1.70779 1.31297 -0.300426
11.500000000 1.70126 1.27701 -0.319664
11.550000191 1.69782 1.25915 -0.329489
11.600000381 1.69441 1.24103 -0.338897
11.699999809 1.68738 1.20508 -0.358072
11.750000000 1.68374 1.18723 -0.367836
11.800000191 1.68012 1.16912 -0.377229
11.850000381 1.67639 1.15127 -0.387053
11.949999809 1.66885 1.11533 -0.40631
12.000000000 1.66504 1.09727 -0.415782
12.050000191 1.66115 1.07945 -0.425576
12.100000381 1.6573 1.06141 -0.435066
12.199999809 1.64947 1.0255 -0.454325
12.250000000 1.6455 1.00764 -0.464077
12.300000191 1.64154 0.989613 -0.473558
12.350000381 1.63755 0.971754 -0.483223
12.449999809 1.62948 0.935895 -0.502281
12.500000000 1.62541 0.917918 -0.511756
12.699999809 1.60897 0.846184 -0.549812
12.750000000 1.60482 0.828271 -0.559328
12.800000191 1.60064 0.810253 -0.568668
12.850000381 1.59647 0.792349 -0.578147
12.949999809 1.58806 0.756457 -0.596761
13.000000000 1.58383 0.73843 -0.60601
13.050000191 1.57963 0.72055 -0.615301
13.100000381 1.57534 0.702536 -0.624535
13.199999809 1.56678 0.66674 -0.643044
13.350000381 1.55384 0.613307 -0.670904
13.399999619 1.54944 0.595421 -0.680163
13.449999809 1.54507 0.57778 -0.689566
13.500000000 1.54065 0.559962 -0.698873
13.550000191 1.53623 0.542386 -0.708255
13.600000381 1.53181 0.524626 -0.717524
13.649999619 1.52739 0.507113 -0.7269
13.699999809 1.5229 0.489415 -0.736247
13.750000000 1.5185 0.471943 -0.745556
13.800000191 1.51397 0.454274 -0.754916
13.899999619 1.50489 0.419247 -0.773703
13.949999809 1.50036 0.401887 -0.783085
14.300000191 1.47116 0.283535 -0.842071
14.350000381 1.46698 0.267143 -0.850257
14.399999619 1.46275 0.250347 -0.858463
14.550000191 1.44975 0.199673 -0.883767
14.600000381 1.4454 0.182526 -0.892338
14.649999619 1.44107 0.165641 -0.900733
14.699999809 1.43678 0.148614 -0.909409
14.750000000 1.43241 0.131725 -0.917939
14.850000381 1.42373 0.0980847 -0.935581
14.949999809 1.41496 0.0646486 -0.954031
15.000000000 1.4109 0.0480203 -0.962653
15.100000381 1.40281 0.0163296 -0.979151
15.149999619 1.39856 0.000273869 -0.987565
15.250000000 1.38988 -0.032472 -1.00472
15.300000191 1.3855 -0.0490397 -1.0136
15.350000381 1.38098 -0.0656162 -1.02216
15.399999619 1.37649 -0.0823155 -1.03127
15.449999809 1.37186 -0.0989927 -1.04004
15.600000381 1.35801 -0.14943 -1.06748
15.649999619 1.35326 -0.16629 -1.07647
15.800000191 1.3398 -0.214961 -1.10014
15.850000381 1.33514 -0.231168 -1.10806
15.899999619 1.33049 -0.247789 -1.11636
16.049999237 1.3161 -0.298303 -1.14114
16.149999619 1.30634 -0.332361 -1.15799
16.200000763 1.30149 -0.349536 -1.16654
16.500000000 1.27237 -0.449016 -1.21081
16.600000381 1.26236 -0.483042 -1.2263
16.649999619 1.25729 -0.500204 -1.23411
16.700000763 1.25232 -0.517534 -1.24214
16.750000000 1.2472 -0.534839 -1.24998
16.799999237 1.24218 -0.552269 -1.25803
16.850000381 1.23674 -0.569083 -1.26454
16.950000763 1.22684 -0.6015 -1.27787
17.000000000 1.22186 -0.618147 -1.28501
17.149999619 1.20633 -0.669478 -1.30741
17.299999237 1.19064 -0.722122 -1.3307
17.350000381 1.18529 -0.739807 -1.33847
17.399999619 1.18006 -0.757557 -1.34641
17.549999237 1.16395 -0.807329 -1.36558
17.649999619 1.15336 -0.841217 -1.37972
17.750000000 1.14258 -0.876029 -1.39475
17.799999237 1.13716 -0.893706 -1.40252
17.850000381 1.13165 -0.91142 -1.41034
17.899999619 1.12618 -0.929377 -1.41817
18.000000000 1.11505 -0.965418 -1.43381
18.049999237 1.10935 -0.983551 -1.44178
18.149999619 1.09804 -1.01997 -1.45774
18.250000000 1.08658 -1.05661 -1.47373
18.299999237 1.08085 -1.07502 -1.48185
18.399999619 1.06904 -1.1118 -1.49811
18.500000000 1.05677 -1.14772 -1.51305
18.600000381 1.04566 -1.18085 -1.5266
18.649999619 1.04 -1.19781 -1.53378
18.799999237 1.02289 -1.25007 -1.55572
18.850000381 1.01703 -1.26789 -1.56338
18.950000763 1.00532 -1.30377 -1.57881
19.000000000 0.999453 -1.32182 -1.58657
19.049999237 0.993439 -1.34 -1.59451
19.149999619 0.981418 -1.37653 -1.61026
19.250000000 0.96934 -1.41317 -1.62592
19.399999619 0.951073 -1.46833 -1.64969
19.450000763 0.944872 -1.48681 -1.65758
19.500000000 0.938726 -1.50522 -1.66561
19.549999237 0.932489 -1.52369 -1.67353
19.649999619 0.920099 -1.56055 -1.6895
19.700000763 0.913943 -1.5789 -1.69753
19.750000000 0.907671 -1.59732 -1.70554
19.799999237 0.901423 -1.61569 -1.71375
20.000000000 0.876215 -1.68925 -1.74616
20.149999619 0.85731 -1.74422 -1.77017
20.200000763 0.850973 -1.7625 -1.77852
20.250000000 0.844643 -1.78081 -1.78649
20.350000381 0.831908 -1.81733 -1.80281
20.399999619 0.825544 -1.83554 -1.8112
20.450000763 0.819142 -1.8538 -1.81926
20.600000381 0.799841 -1.90826 -1.84455
20.649999619 0.793427 -1.92643 -1.85267
20.700000763 0.783862 -1.93838 -1.86144
20.750000000 0.770748 -1.94545 -1.87307
20.799999237 0.755864 -1.9501 -1.88561
20.850000381 0.73949 -1.95308 -1.89741
21.000000000 0.688272 -1.95353 -1.92961
21.049999237 0.671198 -1.95131 -1.93999
21.250000000 0.602289 -1.93603 -1.97902
21.299999237 0.58491 -1.93114 -1.98834
21.350000381 0.567808 -1.92579 -1.99799
21.399999619 0.55045 -1.92033 -2.00714
21.450000763 0.533349 -1.91449 -2.01675
21.500000000 0.515993 -1.90861 -2.02589
21.549999237 0.498901 -1.90241 -2.03549
21.649999619 0.464496 -1.88984 -2.05402
21.750000000 0.430087 -1.87691 -2.07249
21.799999237 0.412767 -1.87037 -2.08165
22.100000381 0.309772 -1.82962 -2.13727
22.200000763 0.275487 -1.81579 -2.15589
22.250000000 0.258451 -1.80876 -2.16528
22.350000381 0.224227 -1.79475 -2.18367
22.450000763 0.190014 -1.78071 -2.20202
22.500000000 0.17284 -1.77368 -2.21112
22.549999237 0.155798 -1.76657 -2.22039
22.600000381 0.138656 -1.75948 -2.22951
22.649999619 0.121605 -1.75234 -2.23862
22.750000000 0.0874036 -1.73804 -2.25682
22.850000381 0.0531722 -1.72374 -2.27493
22.950000763 0.0189565 -1.70939 -2.29303
23.000000000 0.0018216 -1.70223 -2.30199
23.049999237 -0.0152997 -1.69502 -2.31085
23.200000763 -0.0667648 -1.67347 -2.33752
23.500000000 -0.169454 -1.63024 -2.39018
23.600000381 -0.203534 -1.61588 -2.40756
23.700000763 -0.23763 -1.60161 -2.4248
23.750000000 -0.254666 -1.59436 -2.43357
23.799999237 -0.271719 -1.58737 -2.44192
23.899999619 -0.305549 -1.57324 -2.45911
23.950000763 -0.322422 -1.56615 -2.46788
24.100000381 -0.372984 -1.54523 -2.49373
24.200000763 -0.406199 -1.53134 -2.51124
24.299999237 -0.43942 -1.5175 -2.52895
24.350000381 -0.45594 -1.51067 -2.53786
24.399999619 -0.472421 -1.50448 -2.54539
24.500000000 -0.502852 -1.49228 -2.5607
24.549999237 -0.518346 -1.48597 -2.56866
24.700000763 -0.565989 -1.46626 -2.59284
24.950000763 -0.646923 -1.43214 -2.6348
25.149999619 -0.712018 -1.4048 -2.66771
25.200000763 -0.727371 -1.39851 -2.67474
25.250000000 -0.742785 -1.3921 -2.68207
25.350000381 -0.774282 -1.37884 -2.6974
25.600000381 -0.854496 -1.34439 -2.7381
25.649999619 -0.870651 -1.33735 -2.7466
25.799999237 -0.918843 -1.31636 -2.77133
26.000000000 -0.981047 -1.28924 -2.80122
26.049999237 -0.997089 -1.28218 -2.80913
26.100000381 -1.01324 -1.27509 -2.81704
26.149999619 -1.02947 -1.26793 -2.82492
26.350000381 -1.09461 -1.23924 -2.85521
26.399999619 -1.11004 -1.23244 -2.86165
26.549999237 -1.15757 -1.21139 -2.88245
26.600000381 -1.17379 -1.20425 -2.88978
26.700000763 -1.2065 -1.18976 -2.90478
26.799999237 -1.2395 -1.17527 -2.91993
26.899999619 -1.271 -1.16084 -2.93225
26.950000763 -1.28664 -1.15375 -2.93876
27.000000000 -1.30254 -1.14667 -2.9456
27.049999237 -1.31866 -1.13939 -2.95268
27.149999619 -1.35142 -1.12478 -2.96732
27.200000763 -1.36797 -1.11748 -2.97475
27.250000000 -1.38462 -1.11008 -2.98218
27.350000381 -1.41809 -1.09537 -2.99722
27.450000763 -1.44963 -1.08059 -3.00951
27.549999237 -1.48126 -1.06615 -3.0229
27.600000381 -1.49743 -1.05888 -3.02997
27.649999619 -1.51385 -1.05144 -3.03726
27.750000000 -1.54718 -1.03645 -3.05212
27.799999237 -1.56401 -1.02898 -3.05955
27.899999619 -1.59792 -1.01382 -3.07468
27.950000763 -1.61496 -1.00614 -3.08243
28.000000000 -1.63205 -0.998596 -3.09002
28.149999619 -1.68098 -0.975605 -3.11008
28.250000000 -1.71273 -0.960821 -3.12327
28.299999237 -1.72905 -0.953353 -3.13017
28.399999619 -1.76229 -0.938084 3.13846
28.450000763 -1.77914 -0.930284 3.13079
28.549999237 -1.81324 -0.914698 3.11553
28.649999619 -1.84772 -0.898908 3.09995
28.799999237 -1.89995 -0.874888 3.07639
28.850000381 -1.91743 -0.866705 3.06832
28.899999619 -1.93497 -0.858583 3.06041
28.950000763 -1.95254 -0.850324 3.05236
29.000000000 -1.97013 -0.842128 3.04444
29.049999237 -1.98773 -0.833777 3.03645
29.100000381 -2.00536 -0.825532 3.02851
29.200000763 -2.0407 -0.808777 3.01262
29.250000000 -2.0584 -0.800316 3.00471
29.549999237 -2.1645 -0.749552 2.95701
29.600000381 -2.18212 -0.741122 2.94889
29.649999619 -2.19974 -0.73259 2.94087
29.750000000 -2.23493 -0.715582 2.92472
29.799999237 -2.25248 -0.707107 2.91658
29.850000381 -2.27005 -0.698539 2.90865
30.200000763 -2.39227 -0.638879 2.85178
30.450000763 -2.47915 -0.595824 2.81075
30.600000381 -2.53094 -0.56994 2.7856
30.649999619 -2.54825 -0.561221 2.77746
30.750000000 -2.58271 -0.543831 2.76075
30.799999237 -2.59987 -0.535151 2.75224
30.850000381 -2.61706 -0.526424 2.74409
30.899999619 -2.62964 -0.520066 2.71935
30.950000763 -2.63755 -0.516249 2.6695
31.100000381 -2.6529 -0.487197 2.60933
31.149999619 -2.65408 -0.472179 2.61489
31.200000763 -2.65253 -0.455394 2.61993
31.299999237 -2.64606 -0.420106 2.62156
31.350000381 -2.64155 -0.401914 2.61895
31.399999619 -2.63627 -0.383715 2.61509
31.450000763 -2.63036 -0.366007 2.60988
31.549999237 -2.61709 -0.33107 2.59742
31.600000381 -2.60987 -0.313789 2.59045
31.700000763 -2.59455 -0.279864 2.57498
31.750000000 -2.58658 -0.263181 2.56666
31.850000381 -2.57015 -0.229872 2.54986
31.899999619 -2.5617 -0.213241 2.54134
31.950000763 -2.55319 -0.196853 2.53238
32.000000000 -2.54456 -0.180347 2.52356
32.049999237 -2.5359 -0.164022 2.51443
32.099998474 -2.52722 -0.147526 2.50551
32.150001526 -2.51838 -0.131218 2.4964
32.200000763 -2.5096 -0.114808 2.48745
32.250000000 -2.50065 -0.0985656 2.4783
32.299999237 -2.49177 -0.0822024 2.46928
32.400001526 -2.47385 -0.0496414 2.45121
32.450000763 -2.46494 -0.0334714 2.44252
32.500000000 -2.45593 -0.0171893 2.43355
32.599998474 -2.43785 0.0152926 2.41551
32.650001526 -2.42875 0.0314892 2.40648
32.900001526 -2.38319 0.112425 2.36148
33.049999237 -2.35575 0.160944 2.33472
33.150001526 -2.33742 0.193245 2.31706
33.200000763 -2.32831 0.209446 2.30834
33.299999237 -2.31003 0.241814 2.29083
33.400001526 -2.29185 0.274273 2.27355
33.450000763 -2.28271 0.290476 2.26491
33.549999237 -2.26464 0.322907 2.24798
33.599998474 -2.25574 0.339081 2.23969
33.650001526 -2.24674 0.355159 2.23106
33.700000763 -2.23792 0.371254 2.22278
33.750000000 -2.22896 0.387309 2.214
33.849998474 -2.21128 0.419334 2.19681
33.900001526 -2.20249 0.435312 2.18839
33.950000763 -2.19365 0.451289 2.17949
34.000000000 -2.18492 0.467307 2.17104
34.049999237 -2.17618 0.483014 2.16194
34.099998474 -2.16745 0.498826 2.15337
34.200000763 -2.15 0.530289 2.13565
34.250000000 -2.14133 0.545966 2.12648
34.299999237 -2.13261 0.561763 2.11798
34.349998474 -2.12392 0.57743 2.10892
34.450000763 -2.10646 0.608916 2.09133
34.500000000 -2.09768 0.624738 2.08276
34.549999237 -2.08894 0.64042 2.07382
34.849998474 -2.04018 0.730758 2.02718
34.950000763 -2.02326 0.761223 2.01118
35.000000000 -2.01466 0.776658 2.00325
35.049999237 -2.00604 0.792009 1.995
35.150001526 -1.98857 0.823009 1.97864
35.250000000 -1.97103 0.854053 1.9622
35.299999237 -1.9622 0.869673 1.95409
35.500000000 -1.92937 0.929281 1.92595
35.599998474 -1.91234 0.959496 1.91073
35.650001526 -1.90367 0.974753 1.9029
35.799999237 -1.87743 1.02087 1.87908
35.849998474 -1.86864 1.03631 1.87103
35.900001526 -1.8601 1.05154 1.86412
35.950000763 -1.85198 1.06594 1.85751
36.049999237 -1.83532 1.09528 1.84335
36.099998474 -1.82681 1.11019 1.83584
36.150001526 -1.81811 1.12539 1.82832
36.200000763 -1.80934 1.1407 1.82053
36.250000000 -1.80049 1.15605 1.81271
36.349998474 -1.78277 1.18696 1.79715
36.400001526 -1.77393 1.20246 1.78934
36.450000763 -1.76508 1.21777 1.78282
36.500000000 -1.75678 1.23241 1.77656
36.750000000 -1.7132 1.30818 1.74117
36.849998474 -1.69536 1.33925 1.72626
36.900001526 -1.68647 1.35486 1.71867
36.950000763 -1.67738 1.37011 1.71236
37.099998474 -1.65156 1.41459 1.69305
37.150001526 -1.64267 1.42984 1.68606
37.349998474 -1.60678 1.49211 1.65682
37.500000000 -1.57993 1.53766 1.63721
37.599998474 -1.56244 1.56753 1.62408
37.750000000 -1.53534 1.61398 1.60262
37.900001526 -1.5079 1.66154 1.58015
37.950000763 -1.49862 1.6775 1.57247
38.099998474 -1.47114 1.72351 1.55247
38.200000763 -1.45326 1.7535 1.53912
38.250000000 -1.44408 1.76885 1.532
38.400001526 -1.41622 1.81611 1.50965
38.450000763 -1.40671 1.83211 1.5019
38.599998474 -1.37805 1.88078 1.47837
38.650001526 -1.36837 1.89707 1.47042
38.750000000 -1.34899 1.92983 1.45452
38.849998474 -1.32945 1.96275 1.43846
38.900001526 -1.31966 1.97931 1.43044
38.950000763 -1.30972 1.9958 1.42223
39.000000000 -1.29983 2.01242 1.41419
39.049999237 -1.28976 2.02896 1.40596
39.099998474 -1.27975 2.0456 1.39789
39.150001526 -1.26955 2.06222 1.38977
39.200000763 -1.25943 2.0789 1.38178
39.299999237 -1.23889 2.11232 1.36562
39.500000000 -1.1972 2.17932 1.33347
39.549999237 -1.18668 2.19609 1.3256
39.599998474 -1.17628 2.21285 1.31764
39.650001526 -1.16575 2.2296 1.30991
39.700000763 -1.15537 2.24631 1.30209
39.750000000 -1.14482 2.26301 1.29437
39.799999237 -1.13447 2.27965 1.2864
39.849998474 -1.124 2.29627 1.27869
39.900001526 -1.1137 2.31286 1.27074
39.950000763 -1.10325 2.32949 1.26299
40.000000000 -1.09296 2.34604 1.25503
40.150001526 -1.06188 2.39568 1.23146
40.250000000 -1.04121 2.4286 1.21556
40.299999237 -1.03097 2.44502 1.20743
40.349998474 -1.02055 2.46146 1.19955
40.400001526 -1.01029 2.47781 1.19141
40.450000763 -0.999869 2.49422 1.18357
40.500000000 -0.989589 2.51056 1.17533
40.700000763 -0.948169 2.57585 1.14287
40.849998474 -0.91682 2.62469 1.11866
40.900001526 -0.906486 2.64094 1.11032
40.950000763 -0.896002 2.65721 1.10242
41.000000000 -0.885671 2.67348 1.09425
41.049999237 -0.875202 2.68976 1.08638
41.099998474 -0.864775 2.70606 1.07795
41.150001526 -0.854309 2.72234 1.07013
41.200000763 -0.845063 2.73101 1.05459
41.250000000 -0.836768 2.73138 1.02781
41.299999237 -0.829024 2.72662 0.991817
41.450000763 -0.815993 2.71677 0.897245
41.500000000 -0.813856 2.72513 0.896749
41.549999237 -0.811354 2.72911 0.893942
41.599998474 -0.80694 2.72588 0.880904
41.650001526 -0.799048 2.71745 0.866498
41.750000000 -0.786495 2.7183 0.869599
41.849998474 -0.781763 2.73208 0.896199
41.950000763 -0.775232 2.72344 0.868946
42.000000000 -0.772845 2.71994 0.856217
42.099998474 -0.768461 2.73261 0.873419
42.150001526 -0.766541 2.73728 0.881241
42.200000763 -0.763621 2.73507 0.873064
42.250000000 -0.760274 2.72863 0.851595
42.349998474 -0.754882 2.72897 0.841448
42.400001526 -0.752424 2.73778 0.855794
42.450000763 -0.751628 2.74936 0.877653
42.500000000 -0.750438 2.75612 0.88795
42.549999237 -0.74821 2.75538 0.880936
42.599998474 -0.745249 2.75 0.859938
42.650001526 -0.742136 2.74163 0.827517
42.700000763 -0.739262 2.73637 0.808424
42.849998474 -0.732326 2.75853 0.837763
42.950000763 -0.729199 2.76386 0.843757
43.000000000 -0.726551 2.75822 0.823924
43.049999237 -0.72503 2.75509 0.811419
43.099998474 -0.722957 2.75937 0.813677
43.200000763 -0.718719 2.77321 0.836411
43.400001526 -0.709798 2.76528 0.791357
43.450000763 -0.707401 2.77414 0.804123
43.549999237 -0.702716 2.77642 0.801987
43.599998474 -0.700975 2.77591 0.797843
43.650001526 -0.698808 2.7816 0.807419
43.750000000 -0.694329 2.78056 0.800234
43.849998474 -0.690469 2.78441 0.802089
43.900001526 -0.688508 2.78662 0.805136
43.950000763 -0.686155 2.78277 0.792693
44.000000000 -0.684799 2.78127 0.785299
44.049999237 -0.68275 2.78635 0.792138
44.150001526 -0.678538 2.80089 0.820599
44.250000000 -0.67273 2.79185 0.794652
44.299999237 -0.671685 2.78815 0.780484
44.349998474 -0.669782 2.79187 0.78173
44.400001526 -0.66718 2.8005 0.795066
44.450000763 -0.664729 2.805 0.802128
44.500000000 -0.661911 2.80257 0.793249
44.549999237 -0.659185 2.79594 0.770929
44.599998474 -0.656751 2.79225 0.75757
44.650001526 -0.653762 2.79593 0.759641
44.750000000 -0.647728 2.80902 0.781064
44.799999237 -0.644877 2.80654 0.772721
44.849998474 -0.64225 2.79978 0.751011
44.900001526 -0.63959 2.79602 0.73849
44.950000763 -0.636322 2.79964 0.741284
45.049999237 -0.630892 2.81968 0.777087
45.200000763 -0.624541 2.81885 0.760516
45.250000000 -0.622305 2.80982 0.728974
45.299999237 -0.619934 2.80404 0.71069
45.349998474 -0.616831 2.8063 0.709598
45.450000763 -0.61091 2.82563 0.739801
45.500000000 -0.609065 2.83189 0.751761
45.549999237 -0.606978 2.83039 0.746893
45.599998474 -0.604592 2.82395 0.728579
45.650001526 -0.603342 2.82052 0.716738
45.700000763 -0.600813 2.82447 0.719555
45.849998474 -0.592701 2.83519 0.734563
46.000000000 -0.585757 2.82865 0.699823
46.049999237 -0.582145 2.83713 0.713333
46.099998474 -0.579077 2.84856 0.735222
46.150001526 -0.576611 2.8551 0.745635
46.250000000 -0.571339 2.84723 0.720744
46.349998474 -0.567054 2.83217 0.670891
46.400001526 -0.563792 2.83453 0.66914
46.450000763 -0.559792 2.84217 0.680384
46.500000000 -0.556291 2.85316 0.701571
46.549999237 -0.554025 2.85931 0.713289
46.599998474 -0.551905 2.85789 0.708047
46.650001526 -0.550155 2.85201 0.688163
46.700000763 -0.549132 2.84884 0.675376
46.900001526 -0.53728 2.86318 0.691144
47.000000000 -0.533296 2.8526 0.6558
47.049999237 -0.529966 2.8561 0.657727
47.099998474 -0.525711 2.86443 0.671123
47.150001526 -0.522758 2.86865 0.678528
47.250000000 -0.518471 2.85894 0.648065
47.299999237 -0.516234 2.85495 0.63534
47.349998474 -0.512558 2.85833 0.637844
47.549999237 -0.502093 2.86748 0.644403
47.650001526 -0.497035 2.8755 0.655376
47.700000763 -0.495212 2.87162 0.643203
47.849998474 -0.489379 2.87735 0.64297
48.000000000 -0.483097 2.87654 0.627783
48.049999237 -0.479275 2.88571 0.645188
48.150001526 -0.474851 2.88818 0.64731
48.250000000 -0.473051 2.87826 0.610676
48.299999237 -0.470382 2.88199 0.610891
48.450000763 -0.461227 2.8917 0.620333
48.549999237 -0.457952 2.88077 0.583433
48.599998474 -0.454073 2.88413 0.584713
48.750000000 -0.443961 2.89331 0.595972
48.799999237 -0.442706 2.88629 0.573522
48.849998474 -0.440744 2.88201 0.560506
48.900001526 -0.436731 2.88524 0.562433
48.950000763 -0.431729 2.8931 0.576025
49.000000000 -0.427808 2.90405 0.597391
49.049999237 -0.425039 2.91027 0.607597
49.099998474 -0.423053 2.90867 0.60142
49.200000763 -0.421109 2.89288 0.550145
49.250000000 -0.419566 2.88678 0.531573
49.299999237 -0.415809 2.88864 0.529819
49.349998474 -0.410358 2.89589 0.539769
49.400001526 -0.405493 2.9065 0.559789
49.450000763 -0.402647 2.91225 0.571009
49.500000000 -0.401206 2.91057 0.565257
49.599998474 -0.399995 2.90119 0.531701
49.650001526 -0.396737 2.90492 0.533285
49.700000763 -0.391829 2.91302 0.546685
49.799999237 -0.386467 2.91413 0.545546
49.950000763 -0.380338 2.9062 0.510585
50.000000000 -0.374916 2.91386 0.523664
50.049999237 -0.369744 2.92464 0.546124
50.099998474 -0.366374 2.93062 0.559154
50.150001526 -0.364256 2.92882 0.555422
50.200000763 -0.363088 2.9221 0.537787
50.250000000 -0.36289 2.91276 0.507393
50.549999237 -0.342311 2.93004 0.522095
50.599998474 -0.34146 2.92336 0.503268
50.650001526 -0.341005 2.91987 0.490637
50.700000763 -0.337603 2.92344 0.492579
50.750000000 -0.332378 2.93135 0.506499
50.799999237 -0.328663 2.93508 0.514564
50.900001526 -0.326067 2.92498 0.4845
51.000000000 -0.321063 2.92375 0.47258
51.049999237 -0.315362 2.93121 0.485831
51.150001526 -0.309669 2.93148 0.485163
51.250000000 -0.30761 2.91966 0.4509
51.349998474 -0.297622 2.92984 0.46753
51.400001526 -0.294119 2.93336 0.475225
51.450000763 -0.292617 2.9302 0.466903
51.500000000 -0.291722 2.92953 0.461545
51.549999237 -0.287894 2.93471 0.469354
51.700000763 -0.283998 2.93096 0.45286
51.750000000 -0.280373 2.93568 0.458451
51.900001526 -0.276363 2.93105 0.439538
52.049999237 -0.269139 2.93243 0.435326
52.150001526 -0.263345 2.93479 0.435914
52.200000763 -0.260687 2.93619 0.439072
52.250000000 -0.259955 2.93158 0.427267
52.400001526 -0.248195 2.94228 0.445731
52.450000763 -0.244504 2.94637 0.455322
52.599998474 -0.242886 2.93272 0.414826
52.650001526 -0.239886 2.9359 0.416945
52.700000763 -0.23432 2.94342 0.430183
52.799999237 -0.228745 2.94333 0.430656
52.849998474 -0.228604 2.93583 0.409729
52.900001526 -0.227729 2.93142 0.397701
52.950000763 -0.223829 2.93408 0.401311
53.000000000 -0.217658 2.94138 0.415544
53.250000000 -0.207178 2.93174 0.389155
53.299999237 -0.200946 2.93902 0.403392
53.400001526 -0.195911 2.93897 0.404549
53.450000763 -0.195032 2.93829 0.399618
53.549999237 -0.188138 2.94516 0.41141
53.650001526 -0.186852 2.93938 0.39237
53.750000000 -0.180387 2.94547 0.400107
53.799999237 -0.179818 2.94095 0.387425
53.849998474 -0.17886 2.93914 0.379641
53.950000763 -0.171879 2.94487 0.387562
54.000000000 -0.171297 2.94021 0.375246
54.049999237 -0.169806 2.93814 0.368603
54.099998474 -0.165069 2.94237 0.375193
54.150001526 -0.162283 2.94363 0.378365
54.200000763 -0.161636 2.93888 0.366917
54.250000000 -0.160119 2.93679 0.360826
54.299999237 -0.155334 2.94099 0.367883
54.349998474 -0.149068 2.9491 0.385543
54.450000763 -0.144009 2.95006 0.389584
54.500000000 -0.144254 2.9431 0.36918
54.549999237 -0.144782 2.9396 0.354921
54.750000000 -0.12951 2.94962 0.367536
54.849998474 -0.129141 2.93755 0.333973
55.099998474 -0.113104 2.93849 0.33343
55.150001526 -0.112246 2.93388 0.321803
55.200000763 -0.107862 2.9363 0.32537
55.250000000 -0.101089 2.94323 0.339489
55.299999237 -0.0971845 2.94627 0.348138
55.349998474 -0.0959371 2.94266 0.341332
55.400001526 -0.0950843 2.94194 0.33657
55.450000763 -0.0905975 2.94682 0.344678
55.549999237 -0.0872301 2.94391 0.338051
55.650001526 -0.0826022 2.9469 0.336242
55.750000000 -0.0797114 2.94353 0.326418
55.849998474 -0.0741806 2.94582 0.32498
56.049999237 -0.0648017 2.94403 0.316663
56.150001526 -0.0615365 2.9402 0.309408
56.200000763 -0.0601996 2.93808 0.303478
56.250000000 -0.0552578 2.94208 0.310771
56.299999237 -0.0523974 2.94312 0.31471
56.400001526 -0.050843 2.93617 0.298175
56.500000000 -0.0392232 2.94798 0.323332
56.549999237 -0.0351657 2.9516 0.333957
56.849998474 -0.0215615 2.95077 0.318576
56.900001526 -0.0202663 2.94697 0.311654
56.950000763 -0.0210461 2.93924 0.291463
57.000000000 -0.0205736 2.93472 0.27923
57.049999237 -0.01627 2.9371 0.282315
57.099998474 -0.00921379 2.94372 0.296339
57.150001526 -0.00483333 2.94635 0.305607
57.349998474 0.000662578 2.9321 0.272509
57.400001526 0.00779034 2.93869 0.286823
57.450000763 0.0119562 2.9414 0.295964
57.500000000 0.0130739 2.93754 0.289892
57.549999237 0.0120409 2.92976 0.270475
57.599998474 0.0124629 2.92519 0.258724
57.650001526 0.0168593 2.92747 0.262125
57.750000000 0.0311957 2.94385 0.297388
57.799999237 0.0358012 2.94877 0.308687
57.849998474 0.0369248 2.9469 0.302658
57.950000763 0.0333657 2.93189 0.249202
58.000000000 0.0322275 2.92619 0.227764
58.049999237 0.0356667 2.92738 0.223936
58.200000763 0.0560787 2.94594 0.262158
58.250000000 0.0575419 2.94273 0.258724
58.349998474 0.056901 2.93142 0.230754
58.450000763 0.0686109 2.94055 0.24956
58.500000000 0.0731235 2.94306 0.259414
58.549999237 0.0742393 2.939 0.254259
58.599998474 0.0730531 2.93106 0.235821
58.799999237 0.0895276 2.93734 0.250958
58.900001526 0.0891607 2.92523 0.226775
59.000000000 0.0939109 2.92266 0.218988
59.049999237 0.101301 2.92891 0.233477
59.150001526 0.106401 2.92732 0.237475
59.200000763 0.104879 2.91944 0.218697
59.299999237 0.109536 2.91688 0.210888
59.349998474 0.116926 2.92312 0.22533
59.450000763 0.129493 2.93722 0.258045
59.500000000 0.130583 2.93507 0.252822
59.549999237 0.129478 2.92854 0.233456
59.750000000 0.135654 2.92054 0.185545
59.900001526 0.150693 2.93012 0.215543
60.000000000 0.149291 2.91898 0.188706
60.049999237 0.15374 2.9216 0.192252
60.299999237 0.165224 2.91261 0.184308
