12.100000381 -1.9986 2.00308 1.57681
12.199999809 -1.9877 2.00318 1.57226
12.250000000 -1.98258 2.00323 1.57016
12.500000000 -1.95546 2.00353 1.55869
12.550000191 -1.95001 2.00357 1.55641
12.649999619 -1.9399 2.00368 1.55209
12.750000000 -1.92899 2.00379 1.54749
12.850000381 -1.91816 2.00387 1.5429
12.899999619 -1.91262 2.00394 1.54049
13.050000191 -1.89671 2.00404 1.53372
13.100000381 -1.89125 2.0041 1.53136
13.250000000 -1.87556 2.0042 1.52468
13.300000191 -1.87017 2.00426 1.52233
13.550000191 -1.84351 2.00449 1.51098
13.649999619 -1.83242 2.00457 1.50626
13.699999809 -1.82723 2.00462 1.50398
13.750000000 -1.82229 2.00465 1.50191
13.800000191 -1.81674 2.00469 1.49953
13.850000381 -1.81136 2.00473 1.49724
13.899999619 -1.80623 2.00478 1.49497
14.000000000 -1.79498 2.00481 1.49014
14.050000191 -1.78969 2.00484 1.48791
14.100000381 -1.78467 2.0049 1.48567
14.149999619 -1.77905 2.00488 1.48333
14.250000000 -1.7684 2.00497 1.47874
14.300000191 -1.76345 2.00502 1.47654
14.350000381 -1.7579 2.00501 1.47425
14.399999619 -1.75251 2.00506 1.47189
14.449999809 -1.74739 2.0051 1.46975
14.500000000 -1.74167 2.00513 1.46731
14.600000381 -1.73084 2.0052 1.46261
14.649999619 -1.72581 2.00523 1.46051
14.750000000 -1.71473 2.00529 1.4558
14.850000381 -1.70458 2.00535 1.4514
14.899999619 -1.69905 2.00537 1.449
14.949999809 -1.69366 2.00538 1.44672
15.000000000 -1.68853 2.00541 1.44442
15.050000191 -1.68281 2.00539 1.44205
15.250000000 -1.66132 2.00545 1.4328
15.399999619 -1.64571 2.00552 1.42598
15.449999809 -1.64015 2.00549 1.42367
15.649999619 -1.61837 2.00555 1.41437
15.699999809 -1.61308 2.00557 1.41204
15.750000000 -1.60804 2.00558 1.40996
15.800000191 -1.60242 2.00558 1.40755
15.850000381 -1.59696 2.00558 1.40527
15.899999619 -1.59177 2.0056 1.40294
16.000000000 -1.58128 2.00561 1.3985
16.049999237 -1.57588 2.00562 1.39623
16.100000381 -1.57075 2.00564 1.39396
16.149999619 -1.56503 2.0056 1.39159
16.200000763 -1.55947 2.00562 1.38911
16.350000381 -1.54352 2.0056 1.38231
16.399999619 -1.53806 2.00562 1.37988
16.500000000 -1.52789 2.00564 1.37552
16.700000763 -1.5061 2.0056 1.36629
16.750000000 -1.50054 2.00559 1.36397
16.950000763 -1.47909 2.00557 1.35485
17.000000000 -1.47389 2.00557 1.35251
17.049999237 -1.46893 2.00556 1.35046
17.100000381 -1.46339 2.00553 1.34808
17.299999237 -1.44158 2.00545 1.33872
17.350000381 -1.43628 2.00544 1.33651
17.399999619 -1.43124 2.00544 1.33426
17.450000763 -1.42562 2.00538 1.33193
17.649999619 -1.40441 2.00532 1.32287
17.700000763 -1.39901 2.00532 1.32047
17.799999237 -1.38896 2.00532 1.31619
17.850000381 -1.38347 2.00526 1.31396
17.899999619 -1.37812 2.00525 1.31159
17.950000763 -1.37303 2.00524 1.3095
18.000000000 -1.36738 2.00521 1.30711
18.049999237 -1.36187 2.00518 1.30484
18.149999619 -1.35161 2.00516 1.30047
18.200000763 -1.34603 2.00513 1.29809
18.299999237 -1.33542 2.00508 1.29359
18.350000381 -1.33049 2.00506 1.29158
18.399999619 -1.32499 2.00501 1.28921
18.500000000 -1.3145 2.00497 1.28472
18.600000381 -1.30329 2.00487 1.27997
18.649999619 -1.298 2.00484 1.27782
18.700000763 -1.29277 2.00481 1.27551
18.750000000 -1.28714 2.00473 1.27319
18.799999237 -1.28171 2.00471 1.27079
18.850000381 -1.27651 2.00469 1.26868
19.000000000 -1.26067 2.00458 1.26188
19.049999237 -1.25554 2.00456 1.25982
19.149999619 -1.24431 2.00447 1.25514
19.350000381 -1.22294 2.00432 1.24614
19.399999619 -1.21774 2.00429 1.24381
19.450000763 -1.21278 2.00426 1.2418
19.500000000 -1.20727 2.0042 1.23943
19.549999237 -1.20186 2.00415 1.23725
19.649999619 -1.19102 2.00403 1.23263
19.700000763 -1.18548 2.004 1.23021
19.750000000 -1.18018 2.00396 1.22807
19.850000381 -1.16952 2.00385 1.22354
19.899999619 -1.16405 2.00381 1.22114
19.950000763 -1.15882 2.00376 1.21904
20.000000000 -1.15387 2.00373 1.21684
20.049999237 -1.14832 2.00363 1.21459
20.100000381 -1.14293 2.00359 1.21223
20.149999619 -1.13777 2.00355 1.21017
20.200000763 -1.13287 2.00353 1.20803
20.250000000 -1.12738 2.00344 1.20584
20.299999237 -1.12203 2.0034 1.20351
20.350000381 -1.11693 2.00335 1.2015
20.399999619 -1.11128 2.00329 1.1991
20.450000763 -1.10575 2.00324 1.1969
20.500000000 -1.10051 2.0032 1.19461
20.549999237 -1.09549 2.00315 1.19262
20.600000381 -1.08992 2.00308 1.19024
20.649999619 -1.08446 2.00301 1.18806
20.799999237 -1.06885 2.00285 1.1815
20.899999619 -1.05836 2.00276 1.17712
20.950000763 -1.05268 2.00265 1.17483
21.000000000 -1.04715 2.0026 1.17243
21.049999237 -1.04186 2.00253 1.17031
21.100000381 -1.03683 2.0025 1.16813
21.200000763 -1.02577 2.00234 1.16351
21.250000000 -1.02055 2.00228 1.16141
21.299999237 -1.01561 2.00224 1.15925
21.399999619 -1.00469 2.00208 1.15471
21.450000763 -0.999537 2.00201 1.15264
21.600000381 -0.983841 2.00181 1.14602
21.649999619 -0.978744 2.00175 1.14399
21.700000763 -0.973118 2.00165 1.14157
21.750000000 -0.967602 2.00158 1.13937
21.799999237 -0.962361 2.00153 1.13711
21.899999619 -0.951801 2.00138 1.13271
21.950000763 -0.946362 2.0013 1.13053
22.049999237 -0.936259 2.0012 1.12629
22.100000381 -0.930768 2.00111 1.12393
22.149999619 -0.925391 2.00104 1.12175
22.200000763 -0.920283 2.001 1.11954
22.399999619 -0.898791 2.00067 1.11051
22.450000763 -0.893221 2.00053 1.10823
22.549999237 -0.882574 2.00039 1.10379
22.649999619 -0.872127 2.00019 1.09942
22.700000763 -0.866743 2.00014 1.09713
22.799999237 -0.856717 2.00002 1.09294
23.200000763 -0.813911 1.99928 1.07499
23.299999237 -0.803301 1.99913 1.07054
23.350000381 -0.798366 1.99905 1.06852
23.399999619 -0.792887 1.99894 1.06612
23.549999237 -0.776761 1.99862 1.05941
23.700000763 -0.760935 1.99838 1.05274
23.750000000 -0.755372 1.99823 1.05045
23.799999237 -0.749931 1.99815 1.04811
23.850000381 -0.744729 1.99805 1.04599
23.899999619 -0.739786 1.99799 1.04385
23.950000763 -0.734285 1.99783 1.04159
24.049999237 -0.723751 1.99765 1.03715
24.100000381 -0.718867 1.99759 1.03507
24.200000763 -0.708108 1.99735 1.03056
24.250000000 -0.70302 1.99724 1.02848
24.299999237 -0.697404 1.99711 1.02606
24.350000381 -0.691898 1.99699 1.0238
24.450000763 -0.681662 1.9968 1.01952
24.600000381 -0.665524 1.99649 1.01266
24.649999619 -0.660588 1.99639 1.01062
24.700000763 -0.655116 1.99626 1.00825
24.750000000 -0.649743 1.99615 1.00604
24.899999619 -0.633465 1.99582 0.999182
24.950000763 -0.62819 1.99569 0.996983
25.000000000 -0.623176 1.99562 0.994832
25.049999237 -0.617623 1.99545 0.992516
25.200000763 -0.602016 1.99517 0.985942
25.299999237 -0.591148 1.99491 0.981326
25.350000381 -0.586011 1.99479 0.979193
25.450000763 -0.575702 1.99455 0.974812
25.549999237 -0.565292 1.99433 0.97042
25.700000763 -0.548929 1.99398 0.963498
25.750000000 -0.543921 1.99386 0.961414
25.799999237 -0.538391 1.99373 0.959027
25.850000381 -0.532949 1.99359 0.956795
25.899999619 -0.527778 1.9935 0.954617
26.100000381 -0.506888 1.99301 0.945811
26.149999619 -0.501262 1.99284 0.943438
26.200000763 -0.495726 1.99272 0.941064
26.250000000 -0.490444 1.99259 0.938875
26.299999237 -0.485426 1.99249 0.936725
26.350000381 -0.479884 1.99232 0.934385
26.399999619 -0.474429 1.99221 0.932069
26.450000763 -0.469225 1.99209 0.929937
26.500000000 -0.464275 1.99199 0.927844
26.600000381 -0.453408 1.99171 0.923258
26.649999619 -0.448269 1.99158 0.92116
26.700000763 -0.443385 1.9915 0.919082
26.750000000 -0.437963 1.99133 0.916789
26.850000381 -0.427554 1.99108 0.912434
26.899999619 -0.421948 1.99093 0.910012
27.000000000 -0.411192 1.99066 0.905485
27.100000381 -0.400664 1.99037 0.901007
27.149999619 -0.395223 1.99022 0.89879
27.250000000 -0.385106 1.98998 0.894579
27.399999619 -0.369143 1.98958 0.887844
27.600000381 -0.348477 1.98905 0.879182
27.649999619 -0.342893 1.98886 0.876811
27.700000763 -0.337403 1.98872 0.874492
27.750000000 -0.332163 1.98857 0.872336
27.950000763 -0.311077 1.98801 0.86354
28.000000000 -0.306158 1.98789 0.861481
28.149999619 -0.290227 1.98745 0.854797
28.299999237 -0.273803 1.987 0.847858
28.399999619 -0.263228 1.98669 0.843434
28.450000763 -0.257765 1.98652 0.841194
28.500000000 -0.252577 1.98639 0.839017
28.549999237 -0.247625 1.98626 0.836997
28.799999237 -0.221299 1.98551 0.825943
28.850000381 -0.215956 1.98534 0.823772
29.000000000 -0.199775 1.98491 0.817017
29.100000381 -0.189523 1.98462 0.812763
29.149999619 -0.184003 1.98445 0.810443
29.200000763 -0.178575 1.98431 0.808202
29.250000000 -0.173391 1.98416 0.80608
29.299999237 -0.168462 1.98402 0.804017
29.350000381 -0.162994 1.98385 0.80171
29.500000000 -0.14762 1.98343 0.795323
29.549999237 -0.142202 1.98325 0.793051
29.700000763 -0.126221 1.98279 0.786355
29.750000000 -0.120724 1.98261 0.784115
29.799999237 -0.115483 1.98247 0.781935
29.850000381 -0.110474 1.98231 0.779892
29.899999619 -0.104953 1.98215 0.777543
29.950000763 -0.0995185 1.98199 0.775337
30.000000000 -0.0943512 1.98184 0.773172
30.049999237 -0.0894157 1.9817 0.771165
30.100000381 -0.0839627 1.98153 0.768849
30.200000763 -0.0734758 1.98122 0.764547
30.250000000 -0.0685933 1.98106 0.762553
30.299999237 -0.0631872 1.98091 0.760274
30.350000381 -0.0578578 1.98074 0.758117
30.399999619 -0.0527931 1.9806 0.756
30.450000763 -0.0472088 1.98041 0.753635
30.600000381 -0.0314975 1.97994 0.747166
30.700000763 -0.0205622 1.97962 0.742611
30.750000000 -0.0153847 1.97946 0.740544
30.799999237 -0.0104646 1.97932 0.738497
31.000000000 0.0103566 1.97868 0.729921
31.049999237 0.0157677 1.97851 0.727682
31.149999619 0.0261685 1.97819 0.723441
31.250000000 0.0372807 1.97784 0.718893
31.299999237 0.0425159 1.9777 0.716749
31.399999619 0.0530421 1.97737 0.712421
31.500000000 0.0636536 1.97705 0.708094
31.549999237 0.0685961 1.9769 0.706101
31.750000000 0.0894472 1.97624 0.697595
31.799999237 0.0948645 1.97608 0.695339
31.850000381 0.100199 1.97591 0.693194
31.899999619 0.105267 1.97575 0.691109
31.950000763 0.110861 1.97557 0.688783
32.000000000 0.116354 1.97539 0.686533
32.099998474 0.126581 1.97508 0.682414
32.150001526 0.132107 1.9749 0.680101
32.200000763 0.137527 1.97473 0.677882
32.250000000 0.142714 1.97456 0.675807
32.299999237 0.147635 1.97441 0.67379
32.450000763 0.163613 1.9739 0.667287
32.500000000 0.168489 1.97376 0.665303
32.700000763 0.18994 1.97308 0.656568
32.750000000 0.19546 1.97291 0.654354
32.849998474 0.205703 1.97258 0.650224
32.900001526 0.21124 1.97241 0.64792
32.950000763 0.216693 1.97223 0.645762
33.000000000 0.221864 1.97207 0.643663
33.049999237 0.226815 1.97191 0.641681
33.099998474 0.232292 1.97175 0.639429
33.150001526 0.237689 1.97158 0.637286
33.299999237 0.254009 1.97106 0.6306
33.349998474 0.259307 1.97088 0.62849
33.500000000 0.27539 1.97038 0.621934
33.599998474 0.285576 1.97004 0.617863
33.700000763 0.296498 1.9697 0.613446
33.750000000 0.301667 1.96952 0.611426
33.849998474 0.312051 1.9692 0.607242
33.900001526 0.317409 1.96901 0.605074
33.950000763 0.32253 1.96884 0.603086
34.000000000 0.32817 1.96866 0.600754
34.049999237 0.333723 1.96848 0.598582
34.099998474 0.338981 1.9683 0.596448
34.150001526 0.34402 1.96813 0.594493
34.250000000 0.355062 1.96778 0.590102
34.400001526 0.370733 1.96727 0.583792
34.450000763 0.376144 1.96709 0.58167
34.500000000 0.381276 1.96693 0.579583
34.549999237 0.386192 1.96676 0.577649
34.599998474 0.391644 1.96659 0.575418
34.700000763 0.402097 1.96625 0.571277
34.750000000 0.407744 1.96609 0.569002
34.950000763 0.42914 1.9654 0.560462
35.049999237 0.439793 1.96504 0.556213
35.099998474 0.444735 1.96488 0.554225
35.150001526 0.450251 1.96472 0.55201
35.299999237 0.465686 1.96418 0.545851
35.349998474 0.471157 1.96402 0.543622
35.400001526 0.4765 1.96384 0.541464
35.500000000 0.487251 1.9635 0.537181
35.549999237 0.49279 1.96332 0.535018
35.650001526 0.503079 1.96295 0.53094
35.750000000 0.514109 1.9626 0.526566
35.799999237 0.519295 1.96242 0.524479
35.849998474 0.52427 1.96224 0.52253
35.900001526 0.529776 1.96207 0.52032
36.000000000 0.540315 1.96169 0.516161
36.049999237 0.545236 1.96151 0.51422
36.150001526 0.55606 1.96117 0.509931
36.200000763 0.561136 1.961 0.507886
36.299999237 0.5723 1.96064 0.503411
36.450000763 0.588155 1.9601 0.497141
36.549999237 0.59882 1.95972 0.492916
36.650001526 0.609287 1.95939 0.488731
36.700000763 0.614675 1.9592 0.486593
36.750000000 0.619829 1.95902 0.484566
36.799999237 0.62472 1.95885 0.482601
36.950000763 0.640645 1.95829 0.476236
37.000000000 0.646295 1.95811 0.473954
37.049999237 0.651834 1.95791 0.471774
37.099998474 0.657091 1.95772 0.46968
37.150001526 0.662124 1.95754 0.467708
37.200000763 0.667703 1.95737 0.465483
37.250000000 0.673174 1.95718 0.463334
37.299999237 0.678365 1.95699 0.461275
37.349998474 0.683327 1.9568 0.459316
37.500000000 0.699373 1.95626 0.452936
37.549999237 0.705074 1.95609 0.450666
37.599998474 0.710635 1.9559 0.448458
37.650001526 0.715954 1.95571 0.446369
37.700000763 0.720997 1.95553 0.444333
37.750000000 0.726614 1.95535 0.442109
37.799999237 0.732099 1.95516 0.439959
37.849998474 0.737339 1.95496 0.4379
37.900001526 0.742319 1.95478 0.435922
38.049999237 0.758477 1.95421 0.429479
38.099998474 0.763399 1.95403 0.427532
38.150001526 0.768902 1.95385 0.425318
38.200000763 0.774274 1.95366 0.423188
38.299999237 0.785081 1.9533 0.418911
38.400001526 0.795915 1.9529 0.414637
38.500000000 0.806565 1.95255 0.410425
38.599998474 0.817252 1.95215 0.406196
38.650001526 0.822227 1.95196 0.404221
38.750000000 0.833193 1.95159 0.399918
38.799999237 0.838342 1.95141 0.39789
38.849998474 0.844057 1.95123 0.395626
38.900001526 0.849636 1.95103 0.393418
38.950000763 0.854958 1.95081 0.391295
39.000000000 0.860015 1.95064 0.3893
39.099998474 0.871139 1.95026 0.384871
39.250000000 0.886937 1.94967 0.378593
39.299999237 0.892367 1.94947 0.376428
39.400001526 0.902479 1.94907 0.372436
39.450000763 0.907998 1.94889 0.370244
39.500000000 0.913382 1.94869 0.368134
39.599998474 0.924214 1.9483 0.36388
39.799999237 0.945735 1.94751 0.355404
39.950000763 0.9614 1.94689 0.349232
40.000000000 0.966965 1.94672 0.347049
40.049999237 0.972381 1.9465 0.344917
40.099998474 0.977536 1.94631 0.342868
40.150001526 0.983263 1.94612 0.340568
40.200000763 0.988848 1.94591 0.338376
40.299999237 0.999231 1.94548 0.33424
40.349998474 1.00488 1.94529 0.33197
40.400001526 1.01038 1.94508 0.32981
40.500000000 1.02061 1.94467 0.325786
40.549999237 1.02619 1.94447 0.323556
40.599998474 1.03162 1.94427 0.32141
40.650001526 1.03681 1.94405 0.319362
40.799999237 1.05262 1.94346 0.313078
40.849998474 1.05775 1.94324 0.311066
40.900001526 1.06347 1.94307 0.308869
41.000000000 1.07431 1.94264 0.304609
41.099998474 1.085 1.94226 0.300427
41.150001526 1.09048 1.94203 0.298253
41.200000763 1.0957 1.94184 0.296227
41.299999237 1.10624 1.94146 0.29214
41.349998474 1.11166 1.94122 0.289996
41.400001526 1.11682 1.94102 0.287941
41.500000000 1.12813 1.9406 0.283454
41.549999237 1.13345 1.94037 0.281369
41.599998474 1.13852 1.94017 0.279371
41.650001526 1.14417 1.93996 0.277101
41.700000763 1.14967 1.93975 0.274919
41.750000000 1.15491 1.93952 0.272831
41.799999237 1.1599 1.93933 0.270882
41.849998474 1.16548 1.93912 0.268667
41.900001526 1.17092 1.93892 0.266541
41.950000763 1.1761 1.93868 0.264491
42.000000000 1.18103 1.93849 0.262557
42.099998474 1.19193 1.93808 0.258258
42.200000763 1.20277 1.93767 0.254024
42.250000000 1.20832 1.93742 0.251821
42.299999237 1.21361 1.93721 0.249741
42.400001526 1.22429 1.9368 0.245599
42.450000763 1.22978 1.93655 0.243431
42.500000000 1.23499 1.93636 0.241404
42.700000763 1.25609 1.9355 0.233121
42.750000000 1.26183 1.93528 0.23081
42.799999237 1.26742 1.93508 0.228613
42.900001526 1.27779 1.93465 0.224519
42.950000763 1.28344 1.93443 0.222261
43.000000000 1.28895 1.93422 0.220098
43.049999237 1.29419 1.93398 0.218023
43.150001526 1.30477 1.93357 0.213874
43.200000763 1.31021 1.93337 0.211724
43.250000000 1.31538 1.93313 0.209679
43.349998474 1.32676 1.93269 0.205229
43.450000763 1.33716 1.93224 0.201124
43.500000000 1.34284 1.93206 0.19895
43.849998474 1.38059 1.93053 0.184042
43.900001526 1.38621 1.93033 0.181854
44.000000000 1.39664 1.92989 0.177746
44.049999237 1.40232 1.92967 0.175482
44.150001526 1.41309 1.92922 0.171245
44.200000763 1.41811 1.92902 0.169282
44.250000000 1.42371 1.92879 0.167033
44.349998474 1.43436 1.92834 0.162862
44.400001526 1.43931 1.92814 0.160934
44.450000763 1.44487 1.92792 0.158738
44.500000000 1.45026 1.92771 0.156628
44.750000000 1.47701 1.92657 0.14604
44.900001526 1.49337 1.92593 0.139614
44.950000763 1.49833 1.9257 0.137624
45.000000000 1.5039 1.92551 0.135462
45.150001526 1.52022 1.92482 0.128974
45.200000763 1.52582 1.92461 0.126768
45.349998474 1.54185 1.92393 0.120445
45.750000000 1.58516 1.92214 0.103368
45.799999237 1.5905 1.92193 0.101261
46.000000000 1.61202 1.92103 0.0927412
46.099998474 1.62259 1.92059 0.0885619
46.200000763 1.63322 1.92014 0.0843555
46.250000000 1.63898 1.91989 0.0820782
46.299999237 1.6446 1.91968 0.0798931
46.400001526 1.65503 1.91923 0.0757723
46.549999237 1.67149 1.91855 0.0692752
46.599998474 1.6765 1.91835 0.0673086
46.650001526 1.68209 1.91811 0.0650858
46.799999237 1.69851 1.91744 0.058613
46.900001526 1.70946 1.917 0.0542798
47.000000000 1.72021 1.91655 0.0499936
47.049999237 1.72572 1.91629 0.0477784
47.150001526 1.73597 1.91586 0.0436909
47.299999237 1.75222 1.91519 0.0372912
47.349998474 1.75798 1.91495 0.0350256
47.400001526 1.76361 1.91473 0.0328012
47.450000763 1.76893 1.91449 0.0306581
47.549999237 1.77971 1.91404 0.0264084
47.700000763 1.79551 1.9134 0.020174
47.750000000 1.80111 1.91315 0.0179591
48.000000000 1.8285 1.91203 0.00710994
48.200000763 1.85004 1.91112 -0.00145095
48.349998474 1.86386 1.906 -0.00912263
48.400001526 1.86802 1.90315 -0.0119461
48.450000763 1.87185 1.89952 -0.0149339
48.500000000 1.87556 1.89601 -0.0179051
48.599998474 1.88229 1.88768 -0.0240452
48.799999237 1.8938 1.87045 -0.0359454
48.900001526 1.8986 1.86077 -0.0419744
49.150001526 1.90867 1.83669 -0.0561813
49.200000763 1.91034 1.83153 -0.0591391
49.299999237 1.91347 1.8217 -0.0646521
49.400001526 1.91618 1.81103 -0.0703608
49.500000000 1.91868 1.80127 -0.0755922
49.900001526 1.92595 1.75916 -0.096766
50.000000000 1.92727 1.74872 -0.101884
50.150001526 1.92887 1.73228 -0.109663
50.349998474 1.93057 1.71107 -0.11969
50.450000763 1.93122 1.70062 -0.124535
50.500000000 1.93152 1.69525 -0.127101
50.549999237 1.93181 1.69014 -0.129402
50.599998474 1.93202 1.68445 -0.131996
50.750000000 1.93264 1.66864 -0.139196
50.849998474 1.93291 1.6576 -0.144151
50.950000763 1.93317 1.64746 -0.148752
51.000000000 1.93324 1.64194 -0.151256
51.049999237 1.9333 1.63657 -0.153618
51.150001526 1.93334 1.62575 -0.158472
51.250000000 1.93338 1.61493 -0.163299
51.349998474 1.93335 1.6043 -0.167984
51.400001526 1.93334 1.59885 -0.170467
51.500000000 1.93329 1.58872 -0.174984
51.549999237 1.93318 1.58318 -0.177323
51.700000763 1.93296 1.56696 -0.184464
51.750000000 1.93285 1.56142 -0.186842
51.849998474 1.93268 1.5511 -0.191388
51.950000763 1.9324 1.54004 -0.196181
52.150001526 1.93188 1.51899 -0.205328
52.200000763 1.93175 1.51387 -0.20765
52.299999237 1.93137 1.5026 -0.212515
52.349998474 1.9312 1.49731 -0.214749
52.450000763 1.93082 1.48666 -0.219355
52.549999237 1.93049 1.47599 -0.223971
52.599998474 1.93034 1.47104 -0.2262
52.650001526 1.93009 1.46549 -0.228502
52.750000000 1.92972 1.45497 -0.233064
52.799999237 1.92949 1.44927 -0.235521
52.900001526 1.92907 1.43843 -0.240209
53.000000000 1.92866 1.42778 -0.244734
53.150001526 1.92803 1.41215 -0.251409
53.250000000 1.92756 1.40122 -0.256053
53.299999237 1.92736 1.39609 -0.258357
53.450000763 1.92659 1.37953 -0.265385
53.549999237 1.92608 1.36889 -0.269942
53.650001526 1.92561 1.3582 -0.274522
53.700000763 1.9254 1.35325 -0.276717
53.750000000 1.9251 1.3477 -0.27899
53.799999237 1.92487 1.3423 -0.28139
53.900001526 1.92434 1.33146 -0.285968
53.950000763 1.92408 1.3259 -0.288272
54.000000000 1.92384 1.32061 -0.290627
54.049999237 1.92361 1.31556 -0.292691
54.099998474 1.92332 1.30995 -0.295094
54.150001526 1.92305 1.30447 -0.297339
54.299999237 1.92226 1.28878 -0.304106
54.349998474 1.92199 1.28337 -0.306309
54.450000763 1.92151 1.27333 -0.310568
54.549999237 1.92096 1.26252 -0.315104
54.650001526 1.92039 1.25179 -0.319661
54.750000000 1.91985 1.24104 -0.324258
54.799999237 1.9196 1.23605 -0.326478
55.000000000 1.9185 1.21495 -0.335422
55.349998474 1.91649 1.17744 -0.351202
55.400001526 1.91618 1.17185 -0.353597
55.450000763 1.91589 1.16639 -0.3558
55.500000000 1.91562 1.16121 -0.358105
55.549999237 1.91536 1.15626 -0.360115
55.599998474 1.91505 1.15075 -0.362463
55.650001526 1.91475 1.14536 -0.364663
55.700000763 1.91449 1.14023 -0.366939
55.750000000 1.91413 1.13455 -0.369238
55.799999237 1.91383 1.12901 -0.371671
55.900001526 1.91328 1.11868 -0.376037
56.000000000 1.91263 1.10763 -0.380714
56.049999237 1.91234 1.10241 -0.382832
56.150001526 1.91174 1.09192 -0.387252
56.200000763 1.91145 1.08653 -0.389601
56.299999237 1.91092 1.07649 -0.393849
56.500000000 1.90966 1.05497 -0.402833
56.549999237 1.90934 1.04945 -0.40505
56.599998474 1.90906 1.04421 -0.407338
56.650001526 1.90877 1.0392 -0.409357
56.750000000 1.90813 1.02819 -0.413926
56.950000763 1.90692 1.00723 -0.422705
57.000000000 1.90664 1.00214 -0.424944
57.049999237 1.90626 0.996458 -0.427255
57.150001526 1.90564 0.985641 -0.43174
57.250000000 1.90499 0.975035 -0.436179
57.299999237 1.90469 0.969595 -0.438522
57.349998474 1.90438 0.964383 -0.4406
57.450000763 1.90375 0.95393 -0.444999
57.700000763 1.90215 0.926927 -0.456394
57.750000000 1.90185 0.921881 -0.458431
57.799999237 1.9015 0.916307 -0.460839
57.849998474 1.90116 0.910834 -0.463032
57.900001526 1.90087 0.905647 -0.465291
58.000000000 1.90022 0.895179 -0.469705
58.150001526 1.8993 0.879764 -0.47614
58.250000000 1.89861 0.868974 -0.480692
58.349998474 1.89791 0.85829 -0.485191
58.599998474 1.89624 0.831603 -0.496507
58.650001526 1.89591 0.82643 -0.498607
58.750000000 1.89523 0.816046 -0.502996
58.799999237 1.89491 0.810688 -0.505325
58.950000763 1.89385 0.794389 -0.512141
59.000000000 1.89354 0.789133 -0.514412
59.049999237 1.89322 0.784104 -0.516457
59.150001526 1.89249 0.773096 -0.521097
59.299999237 1.89151 0.75747 -0.527741
59.349998474 1.89116 0.752091 -0.52994
59.400001526 1.89085 0.746966 -0.532143
59.450000763 1.89054 0.742075 -0.534138
59.500000000 1.89017 0.736638 -0.53651
59.650001526 1.8891 0.720642 -0.543211
59.700000763 1.88876 0.715157 -0.545569
59.900001526 1.88736 0.694003 -0.554481
60.049999237 1.88629 0.678476 -0.560984
60.150001526 1.88561 0.668019 -0.565403
60.200000763 1.88522 0.662388 -0.567854
60.250000000 1.88485 0.656864 -0.570126
60.349998474 1.88418 0.646584 -0.574455
60.500000000 1.88308 0.6304 -0.581351
60.549999237 1.88273 0.625456 -0.583397
60.750000000 1.88133 0.604598 -0.592215
60.849998474 1.88058 0.59385 -0.596774
60.900001526 1.88026 0.588788 -0.598959
61.000000000 1.87947 0.577714 -0.603661
61.049999237 1.8791 0.57248 -0.605837
61.099998474 1.87879 0.567495 -0.607988
61.250000000 1.87764 0.551405 -0.614746
61.349998474 1.8769 0.541058 -0.619133
61.450000763 1.87618 0.5306 -0.623547
61.500000000 1.87577 0.524981 -0.626003
61.549999237 1.87538 0.519453 -0.628301
61.599998474 1.87504 0.514196 -0.63053
61.650001526 1.87469 0.509185 -0.632603
61.700000763 1.87428 0.503645 -0.635027
61.750000000 1.87389 0.498203 -0.63727
61.799999237 1.87355 0.493024 -0.639484
61.950000763 1.87241 0.477235 -0.646142
62.049999237 1.87172 0.46724 -0.650368
62.250000000 1.87016 0.445865 -0.659499
62.349998474 1.8694 0.435129 -0.663975
62.400001526 1.86907 0.430151 -0.666103
62.500000000 1.86826 0.419231 -0.670763
62.599998474 1.86755 0.409153 -0.674987
62.650001526 1.86711 0.403713 -0.677311
62.700000763 1.86674 0.398359 -0.679596
62.750000000 1.86638 0.393256 -0.681691
62.799999237 1.86606 0.388398 -0.683751
62.950000763 1.8649 0.372639 -0.690375
63.049999237 1.86406 0.361577 -0.695041
63.250000000 1.86252 0.340464 -0.703926
63.349998474 1.8618 0.330402 -0.708162
63.400001526 1.86138 0.324967 -0.71052
63.500000000 1.86062 0.31452 -0.714885
63.549999237 1.86016 0.308924 -0.717288
63.700000763 1.85905 0.293154 -0.723872
63.750000000 1.85859 0.287631 -0.726219
64.000000000 1.85663 0.261259 -0.737365
64.050003052 1.85624 0.256129 -0.739459
64.150001526 1.85547 0.245861 -0.743841
64.300003052 1.85426 0.229893 -0.750581
64.349998474 1.85384 0.22439 -0.752849
64.449996948 1.85309 0.214166 -0.757114
64.550003052 1.85225 0.203238 -0.761725
64.599998474 1.85187 0.198085 -0.763906
64.699996948 1.85108 0.18771 -0.768237
64.849998474 1.84993 0.172386 -0.774559
64.900001526 1.84951 0.166989 -0.776883
65.050003052 1.84828 0.151057 -0.783574
65.099998474 1.84786 0.145585 -0.785879
65.150001526 1.84746 0.140356 -0.78801
65.250000000 1.84666 0.129897 -0.792418
65.349998474 1.84586 0.119326 -0.79682
65.400001526 1.84549 0.114416 -0.798887
65.449996948 1.84505 0.108979 -0.801168
65.500000000 1.84465 0.103635 -0.803438
65.550003052 1.84425 0.0985352 -0.805521
65.650001526 1.84346 0.0882852 -0.809837
65.750000000 1.84267 0.0779165 -0.814101
65.800003052 1.84225 0.0723499 -0.816491
66.000000000 1.84061 0.0511614 -0.825298
66.050003052 1.84019 0.0457426 -0.827477
66.099998474 1.83981 0.040597 -0.829642
66.250000000 1.83857 0.0248736 -0.83615
66.300003052 1.83818 0.0197816 -0.838285
66.349998474 1.8378 0.0149114 -0.840252
66.449996948 1.83697 0.00420642 -0.844708
66.550003052 1.83614 -0.00640106 -0.849144
66.650001526 1.83531 -0.0170999 -0.853547
66.699996948 1.83493 -0.0220685 -0.855633
66.750000000 1.83448 -0.0275664 -0.857935
66.849998474 1.83366 -0.0381327 -0.862268
66.949996948 1.83286 -0.0484893 -0.866588
67.000000000 1.83244 -0.053833 -0.868806
67.050003052 1.83203 -0.0589426 -0.870875
67.099998474 1.83166 -0.0637977 -0.872894
67.250000000 1.83042 -0.0795529 -0.879387
67.300003052 1.82998 -0.0851245 -0.881736
67.349998474 1.82955 -0.0906115 -0.883957
67.400001526 1.82914 -0.09583 -0.886128
67.449996948 1.82875 -0.100818 -0.88815
67.500000000 1.82831 -0.106323 -0.890464
67.550003052 1.82788 -0.111738 -0.892649
67.699996948 1.82666 -0.127269 -0.899046
67.750000000 1.82623 -0.132634 -0.901198
67.849998474 1.82539 -0.143348 -0.905653
67.949996948 1.82453 -0.154139 -0.910059
68.000000000 1.82414 -0.159152 -0.912125
68.150001526 1.82286 -0.175351 -0.918714
68.250000000 1.82204 -0.185783 -0.92301
68.300003052 1.82162 -0.19116 -0.925227
68.349998474 1.8212 -0.196304 -0.927297
68.449996948 1.82038 -0.206634 -0.931548
68.500000000 1.81997 -0.21196 -0.933753
68.650001526 1.81868 -0.228183 -0.940369
68.699996948 1.81827 -0.233423 -0.942499
68.750000000 1.81784 -0.238642 -0.944562
68.800003052 1.81739 -0.244226 -0.946861
68.849998474 1.81696 -0.249664 -0.949004
68.949996948 1.81615 -0.259764 -0.953085
69.150001526 1.81449 -0.280609 -0.961521
69.199996948 1.81407 -0.286027 -0.963774
69.250000000 1.81364 -0.291354 -0.965891
69.300003052 1.81323 -0.296409 -0.967961
69.349998474 1.81279 -0.302017 -0.970258
69.400001526 1.81235 -0.307508 -0.972531
69.449996948 1.81192 -0.312757 -0.974616
69.500000000 1.81152 -0.317736 -0.976671
69.650001526 1.81022 -0.333872 -0.983201
69.699996948 1.80983 -0.338793 -0.985221
69.750000000 1.8094 -0.344273 -0.987432
69.800003052 1.80898 -0.34964 -0.989614
69.849998474 1.80856 -0.354766 -0.991631
69.900001526 1.80816 -0.359629 -0.993618
69.949996948 1.80773 -0.365065 -0.995835
70.000000000 1.80731 -0.370374 -0.997988
70.050003052 1.80688 -0.375451 -0.999992
70.150001526 1.806 -0.386579 -1.00448
70.250000000 1.80516 -0.396818 -1.00856
70.349998474 1.80429 -0.407796 -1.013
70.449996948 1.80347 -0.417908 -1.01706
70.500000000 1.80304 -0.423391 -1.01929
70.599998474 1.80218 -0.433879 -1.0235
70.699996948 1.80135 -0.444197 -1.02763
70.750000000 1.80091 -0.449538 -1.02971
70.849998474 1.80006 -0.460224 -1.03404
71.050003052 1.79835 -0.481507 -1.04258
71.099998474 1.7979 -0.486927 -1.04479
71.150001526 1.79747 -0.492118 -1.04685
71.199996948 1.79707 -0.497044 -1.04882
71.449996948 1.79496 -0.523377 -1.05934
71.550003052 1.79411 -0.533789 -1.06346
71.599998474 1.79368 -0.539411 -1.06574
71.800003052 1.79194 -0.560724 -1.07424
71.849998474 1.79149 -0.56617 -1.07639
71.900001526 1.79107 -0.57134 -1.07848
72.050003052 1.78977 -0.58716 -1.08477
72.099998474 1.78935 -0.592269 -1.0868
72.199996948 1.78851 -0.602607 -1.09094
72.250000000 1.78807 -0.607949 -1.09304
72.300003052 1.78765 -0.613015 -1.0951
72.349998474 1.78722 -0.618641 -1.09738
72.400001526 1.78677 -0.624141 -1.09961
72.500000000 1.78592 -0.63439 -1.10367
72.599998474 1.78505 -0.645385 -1.10806
72.750000000 1.78377 -0.661009 -1.1143
72.800003052 1.78332 -0.666384 -1.11647
72.849998474 1.78288 -0.671527 -1.11849
72.949996948 1.78198 -0.682749 -1.12296
73.000000000 1.78154 -0.688023 -1.12509
73.050003052 1.78112 -0.693074 -1.12707
73.250000000 1.77937 -0.714336 -1.13554
73.300003052 1.77893 -0.719867 -1.13777
73.349998474 1.77848 -0.725283 -1.1399
73.400001526 1.77805 -0.730422 -1.14196
73.500000000 1.77718 -0.740809 -1.14609
73.550003052 1.77673 -0.74617 -1.14823
73.650001526 1.77585 -0.756919 -1.15253
73.849998474 1.7741 -0.778309 -1.16103
73.900001526 1.77365 -0.783761 -1.1632
73.949996948 1.77321 -0.788973 -1.16527
74.000000000 1.77279 -0.793924 -1.16723
74.050003052 1.77235 -0.799453 -1.16944
74.099998474 1.7719 -0.804835 -1.17158
74.150001526 1.77146 -0.809992 -1.17361
74.199996948 1.77104 -0.814881 -1.17556
74.250000000 1.7706 -0.820355 -1.17776
74.449996948 1.76878 -0.841978 -1.18637
74.500000000 1.76835 -0.847231 -1.18847
74.599998474 1.76748 -0.85784 -1.19271
74.699996948 1.76657 -0.868469 -1.19694
74.750000000 1.76615 -0.873427 -1.1989
74.800003052 1.76571 -0.878941 -1.20109
75.000000000 1.76389 -0.900698 -1.20978
75.050003052 1.76342 -0.905998 -1.2119
75.199996948 1.76209 -0.922116 -1.21831
75.250000000 1.76164 -0.927343 -1.22038
75.300003052 1.76121 -0.932304 -1.22234
75.349998474 1.76075 -0.93785 -1.22455
75.449996948 1.75982 -0.948426 -1.22873
75.500000000 1.7594 -0.953329 -1.23066
75.599998474 1.75851 -0.964185 -1.23496
75.650001526 1.75804 -0.969305 -1.23699
75.750000000 1.75711 -0.980531 -1.24141
75.849998474 1.75623 -0.990821 -1.24548
75.900001526 1.7558 -0.996428 -1.24768
75.949996948 1.75531 -1.00189 -1.24986
76.050003052 1.75443 -1.01205 -1.25386
76.099998474 1.75399 -1.01759 -1.25602
76.150001526 1.75351 -1.02299 -1.25817
76.300003052 1.75221 -1.03853 -1.26428
76.550003052 1.74989 -1.0654 -1.27495
76.599998474 1.74947 -1.0704 -1.27692
76.650001526 1.749 -1.07599 -1.27917
76.750000000 1.74807 -1.08663 -1.28337
76.849998474 1.74718 -1.0971 -1.28755
76.949996948 1.74625 -1.10762 -1.2917
77.000000000 1.7458 -1.11334 -1.29393
77.099998474 1.74485 -1.12418 -1.29824
77.150001526 1.74439 -1.12922 -1.30023
77.199996948 1.74394 -1.13486 -1.30243
77.250000000 1.74345 -1.14035 -1.30462
77.300003052 1.74301 -1.14556 -1.30667
77.400001526 1.74211 -1.15609 -1.31079
77.500000000 1.74117 -1.16666 -1.31501
77.550003052 1.74068 -1.17238 -1.31731
77.650001526 1.73972 -1.18328 -1.32163
77.800003052 1.73834 -1.19948 -1.32806
77.849998474 1.73784 -1.20472 -1.33013
77.900001526 1.73741 -1.2097 -1.3321
77.949996948 1.73694 -1.21466 -1.33407
78.000000000 1.73651 -1.22004 -1.33617
78.050003052 1.73602 -1.22524 -1.33825
78.099998474 1.73559 -1.2302 -1.34021
78.150001526 1.73512 -1.23575 -1.34241
78.300003052 1.73373 -1.25203 -1.34879
78.400001526 1.73276 -1.26289 -1.35312
78.449996948 1.73229 -1.26795 -1.35513
78.500000000 1.73184 -1.27359 -1.35731
78.699996948 1.72997 -1.29485 -1.36574
78.800003052 1.72902 -1.30541 -1.36994
78.900001526 1.72805 -1.31673 -1.37446
79.050003052 1.72664 -1.33277 -1.3808
79.099998474 1.72616 -1.33827 -1.38298
79.150001526 1.72567 -1.34351 -1.38506
79.199996948 1.72523 -1.34849 -1.38702
79.250000000 1.72475 -1.35408 -1.38924
79.300003052 1.72429 -1.35951 -1.39138
79.449996948 1.72288 -1.37514 -1.39756
79.500000000 1.72242 -1.38052 -1.39968
79.550003052 1.72194 -1.38563 -1.40169
79.599998474 1.72148 -1.39134 -1.40391
79.750000000 1.72005 -1.40719 -1.41019
79.800003052 1.71959 -1.41282 -1.41237
79.849998474 1.71907 -1.41828 -1.41457
80.000000000 1.7177 -1.434 -1.42073
80.050003052 1.7172 -1.43939 -1.42289
80.099998474 1.71676 -1.44454 -1.42491
80.199996948 1.71578 -1.45583 -1.42936
80.250000000 1.71528 -1.46113 -1.43146
80.400001526 1.71387 -1.47732 -1.43787
80.449996948 1.71337 -1.48253 -1.43998
80.599998474 1.71196 -1.4985 -1.4463
80.650001526 1.71147 -1.50364 -1.44838
80.750000000 1.71046 -1.51497 -1.45286
80.849998474 1.70952 -1.52534 -1.45698
80.900001526 1.70904 -1.531 -1.45919
80.949996948 1.70851 -1.53649 -1.46141
81.050003052 1.70759 -1.5467 -1.46544
81.099998474 1.70712 -1.55228 -1.4676
81.150001526 1.70661 -1.55769 -1.46981
81.300003052 1.70519 -1.5742 -1.47631
81.400001526 1.70424 -1.5846 -1.48045
81.550003052 1.70276 -1.601 -1.48695
81.599998474 1.70232 -1.606 -1.48892
81.650001526 1.70182 -1.61158 -1.49112
81.699996948 1.70135 -1.61703 -1.49324
81.750000000 1.70086 -1.6222 -1.49532
81.800003052 1.70037 -1.62796 -1.49759
81.849998474 1.69985 -1.63356 -1.49984
81.949996948 1.69892 -1.64396 -1.50393
82.000000000 1.69844 -1.64963 -1.50615
82.099998474 1.69747 -1.66038 -1.51042
82.150001526 1.69701 -1.66535 -1.51242
82.199996948 1.69654 -1.67094 -1.5146
82.250000000 1.69602 -1.67637 -1.51679
82.349998474 1.69505 -1.6873 -1.52109
82.449996948 1.69406 -1.69822 -1.5254
82.550003052 1.69312 -1.70897 -1.52966
82.750000000 1.6912 -1.73031 -1.53814
82.900001526 1.68973 -1.7467 -1.54461
83.000000000 1.68874 -1.75763 -1.54895
83.050003052 1.68826 -1.76268 -1.55099
83.099998474 1.68777 -1.76836 -1.55322
83.150001526 1.68726 -1.77385 -1.55543
83.250000000 1.68634 -1.78409 -1.5595
83.400001526 1.68491 -1.80028 -1.56592
83.650001526 1.68243 -1.8277 -1.57681
83.699996948 1.68195 -1.83321 -1.57898
83.800003052 1.68102 -1.84345 -1.58306
83.849998474 1.68051 -1.84904 -1.58527
83.900001526 1.68003 -1.85449 -1.58742
84.099998474 1.67806 -1.87634 -1.59613
84.199996948 1.6771 -1.88707 -1.60039
84.250000000 1.6766 -1.89257 -1.6026
84.300003052 1.67614 -1.89782 -1.60466
84.400001526 1.6752 -1.90839 -1.60884
84.599998474 1.67324 -1.93035 -1.61754
84.650001526 1.67276 -1.93565 -1.61968
84.800003052 1.66788 -1.94963 -1.62698
84.849998474 1.66483 -1.95364 -1.62981
84.949996948 1.65725 -1.96095 -1.63598
85.000000000 1.65369 -1.96437 -1.63887
85.050003052 1.64943 -1.96746 -1.64182
85.150001526 1.64132 -1.97333 -1.64761
85.349998474 1.62299 -1.98292 -1.65934
85.400001526 1.61821 -1.98499 -1.66232
85.550003052 1.60342 -1.99041 -1.6708
85.599998474 1.59862 -1.99204 -1.67364
85.650001526 1.59321 -1.99343 -1.67654
85.849998474 1.5728 -1.99843 -1.68762
86.000000000 1.55705 -2.00132 -1.69587
86.050003052 1.55165 -2.00214 -1.69856
86.199996948 1.5361 -2.00429 -1.70644
86.300003052 1.52566 -2.00544 -1.71164
86.349998474 1.51998 -2.00585 -1.71431
86.400001526 1.51447 -2.00627 -1.71707
86.449996948 1.50923 -2.00668 -1.71955
86.500000000 1.50424 -2.00708 -1.72207
86.650001526 1.48805 -2.00786 -1.72968
86.800003052 1.47225 -2.00836 -1.73716
86.849998474 1.46714 -2.00849 -1.73946
86.900001526 1.46146 -2.00853 -1.74208
87.000000000 1.45068 -2.0086 -1.74709
87.099998474 1.44009 -2.00857 -1.75188
87.349998474 1.41366 -2.00813 -1.76376
87.400001526 1.40856 -2.00802 -1.76615
87.449996948 1.40286 -2.00777 -1.76861
87.500000000 1.39733 -2.00758 -1.77118
87.599998474 1.38706 -2.00722 -1.77581
87.650001526 1.38145 -2.00692 -1.7782
87.699996948 1.37601 -2.00669 -1.78068
88.000000000 1.3442 -2.00499 -1.79467
88.050003052 1.33867 -2.00465 -1.79706
88.250000000 1.31734 -2.00328 -1.80635
88.349998474 1.30722 -2.00263 -1.81078
88.400001526 1.3017 -2.00222 -1.81321
88.449996948 1.29632 -2.00184 -1.8155
88.599998474 1.28 -2.00061 -1.82264
88.650001526 1.27472 -2.00021 -1.82487
88.699996948 1.2697 -1.99984 -1.82716
88.750000000 1.26411 -1.99936 -1.82951
88.949996948 1.243 -1.99766 -1.83869
89.000000000 1.23763 -1.99723 -1.84107
89.050003052 1.2325 -1.99682 -1.84321
89.099998474 1.22683 -1.99633 -1.84567
89.199996948 1.21603 -1.99542 -1.85038
89.250000000 1.211 -1.995 -1.85246
89.349998474 1.19995 -1.99403 -1.85714
89.400001526 1.19477 -1.99358 -1.85949
89.500000000 1.18431 -1.99267 -1.86394
89.599998474 1.17381 -1.99175 -1.86848
89.650001526 1.16813 -1.99119 -1.87081
89.699996948 1.16259 -1.9907 -1.87325
89.750000000 1.1573 -1.99021 -1.87546
89.849998474 1.14668 -1.98921 -1.88
89.900001526 1.14123 -1.98872 -1.88243
90.000000000 1.13109 -1.98781 -1.88682
90.050003052 1.12555 -1.98726 -1.88908
90.099998474 1.12018 -1.98677 -1.89149
90.150001526 1.11505 -1.9863 -1.8936
90.199996948 1.10938 -1.98575 -1.89602
90.250000000 1.10384 -1.98523 -1.8983
90.500000000 1.0773 -1.98271 -1.90972
90.550003052 1.07235 -1.98224 -1.91178
90.599998474 1.06684 -1.9817 -1.91417
90.650001526 1.06145 -1.98118 -1.91638
90.750000000 1.05144 -1.98023 -1.92066
90.800003052 1.046 -1.9797 -1.92302
91.050003052 1.01927 -1.97704 -1.93438
91.099998474 1.01429 -1.97657 -1.93661
91.150001526 1.00872 -1.97598 -1.93888
91.250000000 0.998155 -1.97493 -1.94336
91.300003052 0.993257 -1.97446 -1.94555
91.400001526 0.982413 -1.97334 -1.95012
91.500000000 0.97167 -1.97224 -1.95464
91.550003052 0.966153 -1.97169 -1.95689
91.599998474 0.960911 -1.97117 -1.95923
91.650001526 0.955897 -1.97066 -1.96127
91.699996948 0.950342 -1.97009 -1.96365
91.750000000 0.944899 -1.96954 -1.96588
91.949996948 0.923924 -1.96742 -1.97474
92.000000000 0.918819 -1.96691 -1.97703
92.250000000 0.891744 -1.96407 -1.98836
92.349998474 0.881118 -1.96299 -1.99282
92.449996948 0.870667 -1.96189 -1.99724
92.599998474 0.855301 -1.96034 -2.00381
92.650001526 0.849842 -1.95973 -2.00604
92.699996948 0.844537 -1.95919 -2.00838
92.750000000 0.839462 -1.95867 -2.01041
92.800003052 0.833855 -1.95808 -2.01281
93.050003052 0.807185 -1.9553 -2.02386
93.199996948 0.791665 -1.95367 -2.03043
93.349998474 0.775579 -1.95192 -2.03719
93.400001526 0.77008 -1.95135 -2.03962
93.449996948 0.76482 -1.95079 -2.04174
93.500000000 0.75983 -1.95027 -2.04394
93.550003052 0.754268 -1.94964 -2.04619
93.599998474 0.748849 -1.94907 -2.04858
93.650001526 0.743672 -1.94851 -2.05069
93.800003052 0.727904 -1.94682 -2.05744
93.849998474 0.722792 -1.94627 -2.0595
93.900001526 0.717937 -1.94578 -2.06163
94.050003052 0.702147 -1.94406 -2.0682
94.099998474 0.696552 -1.94344 -2.07063
94.150001526 0.691074 -1.94283 -2.07285
94.199996948 0.685864 -1.9423 -2.07511
94.300003052 0.675373 -1.94115 -2.07953
94.400001526 0.664839 -1.94001 -2.08399
94.449996948 0.659934 -1.93949 -2.08599
94.550003052 0.649142 -1.93829 -2.09054
94.599998474 0.644078 -1.93776 -2.09276
94.650001526 0.63847 -1.93709 -2.09509
94.750000000 0.627735 -1.9359 -2.09963
94.800003052 0.622756 -1.93539 -2.10182
94.849998474 0.617228 -1.93473 -2.10411
95.000000000 0.601729 -1.93307 -2.1107
95.099998474 0.590916 -1.93184 -2.11528
95.150001526 0.585807 -1.93126 -2.11739
95.199996948 0.580957 -1.93076 -2.11951
95.300003052 0.570262 -1.92953 -2.12405
95.400001526 0.559624 -1.92833 -2.12856
95.449996948 0.554153 -1.9277 -2.1308
95.699996948 0.527932 -1.9248 -2.14196
95.750000000 0.523031 -1.92425 -2.14399
95.800003052 0.517588 -1.92362 -2.14637
95.849998474 0.512251 -1.92301 -2.14856
95.949996948 0.501589 -1.92177 -2.15308
96.000000000 0.496096 -1.92116 -2.15547
96.050003052 0.490854 -1.92055 -2.15767
96.199996948 0.474939 -1.91873 -2.16452
96.300003052 0.464852 -1.9176 -2.16879
96.349998474 0.459405 -1.91693 -2.17106
96.449996948 0.448967 -1.91577 -2.17548
96.550003052 0.438728 -1.91456 -2.17986
96.599998474 0.433437 -1.91397 -2.18214
96.699996948 0.422798 -1.91274 -2.18669
96.750000000 0.417327 -1.91209 -2.18898
96.900001526 0.401651 -1.91027 -2.19575
97.050003052 0.386236 -1.9085 -2.20226
97.099998474 0.380804 -1.90784 -2.20467
97.250000000 0.364807 -1.90595 -2.21143
97.300003052 0.359315 -1.90533 -2.2138
97.400001526 0.349092 -1.90415 -2.21815
97.650001526 0.322653 -1.90101 -2.22934
97.849998474 0.301971 -1.89856 -2.23814
97.900001526 0.296676 -1.89796 -2.2404
97.949996948 0.291627 -1.89736 -2.2425
98.000000000 0.286055 -1.89668 -2.24494
98.050003052 0.280587 -1.89602 -2.24721
98.150001526 0.270413 -1.89485 -2.25151
98.199996948 0.264918 -1.89418 -2.25393
98.250000000 0.259517 -1.89352 -2.25616
98.300003052 0.254379 -1.89294 -2.25837
98.349998474 0.249483 -1.89236 -2.26041
98.500000000 0.233652 -1.89048 -2.26718
98.550003052 0.228072 -1.88976 -2.26956
98.599998474 0.222577 -1.88912 -2.2719
98.699996948 0.212349 -1.88791 -2.27622
98.750000000 0.206841 -1.8872 -2.27856
98.800003052 0.201428 -1.88657 -2.28089
99.099998474 0.170604 -1.88288 -2.29389
99.199996948 0.159937 -1.88157 -2.29843
99.250000000 0.154886 -1.88096 -2.30052
99.300003052 0.149325 -1.88028 -2.30294
99.349998474 0.143859 -1.8796 -2.30521
99.400001526 0.138656 -1.87899 -2.30743
99.599998474 0.11766 -1.87645 -2.31634
99.699996948 0.10734 -1.87518 -2.32076
99.750000000 0.102005 -1.87452 -2.32299
99.849998474 0.0920869 -1.87335 -2.32713
99.900001526 0.0867163 -1.87269 -2.32948
99.949996948 0.0814248 -1.87204 -2.33165
100.000000000 0.0763935 -1.87146 -2.33379
100.099998474 0.0654148 -1.87009 -2.33848
100.250000000 0.0497969 -1.86816 -2.34504
100.349998474 0.0392934 -1.86687 -2.34948
100.449996948 0.0290018 -1.86561 -2.35385
100.500000000 0.0236765 -1.86497 -2.3561
100.550003052 0.0186018 -1.86435 -2.35818
100.650001526 0.00751816 -1.86296 -2.36289
100.699996948 0.00229155 -1.86234 -2.3651
100.750000000 -0.00269689 -1.86172 -2.36717
100.900001526 -0.0187677 -1.85974 -2.37402
100.949996948 -0.0236884 -1.85913 -2.37602
101.000000000 -0.0291207 -1.85844 -2.37839
101.099998474 -0.0395616 -1.85716 -2.38273
101.150001526 -0.0444173 -1.85656 -2.38471
101.349998474 -0.0656874 -1.85389 -2.39372
101.400001526 -0.0711527 -1.85323 -2.39603
101.449996948 -0.076372 -1.85258 -2.39816
101.550003052 -0.0868124 -1.85127 -2.40261
101.599998474 -0.0922024 -1.85062 -2.40489
101.750000000 -0.107643 -1.84869 -2.41137
101.849998474 -0.118067 -1.8474 -2.41572
101.949996948 -0.129161 -1.846 -2.42039
102.050003052 -0.139399 -1.84475 -2.42465
102.250000000 -0.160419 -1.84213 -2.43343
102.300003052 -0.16586 -1.84145 -2.4358
102.400001526 -0.176329 -1.84015 -2.44012
102.449996948 -0.181201 -1.83954 -2.4421
102.550003052 -0.191908 -1.83819 -2.44658
102.599998474 -0.19696 -1.83757 -2.44871
102.650001526 -0.202521 -1.83685 -2.45106
102.750000000 -0.213216 -1.83552 -2.45546
102.800003052 -0.218174 -1.8349 -2.45755
102.949996948 -0.234218 -1.83289 -2.46422
103.000000000 -0.239123 -1.83229 -2.46627
103.050003052 -0.244551 -1.83159 -2.46856
103.199996948 -0.259825 -1.82969 -2.47491
103.250000000 -0.265202 -1.82901 -2.47715
103.300003052 -0.27049 -1.82835 -2.47938
103.400001526 -0.281101 -1.82701 -2.48381
103.449996948 -0.286582 -1.82632 -2.48603
103.500000000 -0.291789 -1.82566 -2.4882
103.650001526 -0.307655 -1.82366 -2.49469
103.699996948 -0.31279 -1.82302 -2.49683
103.750000000 -0.317696 -1.82239 -2.49881
103.849998474 -0.328474 -1.82102 -2.50329
103.949996948 -0.338401 -1.81976 -2.50738
104.000000000 -0.343783 -1.81907 -2.50967
104.050003052 -0.349083 -1.8184 -2.5118
104.099998474 -0.354116 -1.81777 -2.5139
104.349998474 -0.380792 -1.81439 -2.5249
104.400001526 -0.386176 -1.81371 -2.52715
104.449996948 -0.39133 -1.81305 -2.52921
104.500000000 -0.39622 -1.81244 -2.53123
104.550003052 -0.401657 -1.81174 -2.5335
104.599998474 -0.40699 -1.81107 -2.53571
104.650001526 -0.412093 -1.81042 -2.53774
104.699996948 -0.416929 -1.8098 -2.53976
104.800003052 -0.427603 -1.80846 -2.54417
104.949996948 -0.443687 -1.80641 -2.5507
105.000000000 -0.448895 -1.80575 -2.55284
105.050003052 -0.453873 -1.80511 -2.55482
105.099998474 -0.459364 -1.80442 -2.55712
105.199996948 -0.469898 -1.80307 -2.56139
105.250000000 -0.474806 -1.80244 -2.56334
105.349998474 -0.485591 -1.80107 -2.56776
105.400001526 -0.490674 -1.80043 -2.56985
105.449996948 -0.496287 -1.79972 -2.57217
105.550003052 -0.507043 -1.79834 -2.57652
105.650001526 -0.517581 -1.79701 -2.58086
105.750000000 -0.528198 -1.79566 -2.58513
105.800003052 -0.533118 -1.79503 -2.58713
105.849998474 -0.538598 -1.79433 -2.58936
106.050003052 -0.559381 -1.79169 -2.59779
106.099998474 -0.564696 -1.79101 -2.59996
106.150001526 -0.569776 -1.79036 -2.60194
106.250000000 -0.580884 -1.78893 -2.60645
106.349998474 -0.591116 -1.78761 -2.61056
106.400001526 -0.596646 -1.78692 -2.61285
106.449996948 -0.602078 -1.78621 -2.61501
106.500000000 -0.607228 -1.78555 -2.61712
106.650001526 -0.622989 -1.78351 -2.62349
106.699996948 -0.628083 -1.78286 -2.62557
106.750000000 -0.632965 -1.78222 -2.62749
106.849998474 -0.6437 -1.78084 -2.63186
106.900001526 -0.648751 -1.78019 -2.63392
107.000000000 -0.659828 -1.77879 -2.63843
107.050003052 -0.665071 -1.77811 -2.64051
107.099998474 -0.670042 -1.77747 -2.64254
107.150001526 -0.675575 -1.77677 -2.6448
107.199996948 -0.680987 -1.77608 -2.64699
107.250000000 -0.686157 -1.77541 -2.64899
107.400001526 -0.701882 -1.77338 -2.65539
107.449996948 -0.706998 -1.77271 -2.6574
107.500000000 -0.711852 -1.77208 -2.65936
107.550003052 -0.717275 -1.77139 -2.66157
107.650001526 -0.727652 -1.77005 -2.66569
107.699996948 -0.733246 -1.76934 -2.66795
107.750000000 -0.738737 -1.76864 -2.67011
107.900001526 -0.754461 -1.76661 -2.67647
108.050003052 -0.769961 -1.76459 -2.68262
108.199996948 -0.785873 -1.76254 -2.689
108.300003052 -0.796153 -1.7612 -2.69317
108.449996948 -0.812117 -1.75915 -2.69961
108.500000000 -0.817583 -1.75843 -2.70182
108.699996948 -0.838719 -1.75569 -2.7103
108.750000000 -0.843886 -1.75501 -2.71234
108.800003052 -0.848792 -1.75437 -2.71434
108.849998474 -0.854261 -1.75369 -2.71655
108.900001526 -0.85961 -1.75299 -2.71869
109.000000000 -0.869582 -1.75167 -2.72267
109.099998474 -0.880321 -1.7503 -2.727
109.150001526 -0.88538 -1.74962 -2.729
109.250000000 -0.896477 -1.7482 -2.73345
109.449996948 -0.917616 -1.74545 -2.74195
109.500000000 -0.922768 -1.74477 -2.74402
109.550003052 -0.927685 -1.7441 -2.74598
109.599998474 -0.933152 -1.74342 -2.74818
109.650001526 -0.938511 -1.74271 -2.75032
109.699996948 -0.943605 -1.74205 -2.75237
109.800003052 -0.953912 -1.74071 -2.75653
109.849998474 -0.959226 -1.74 -2.75867
109.949996948 -0.96988 -1.73862 -2.76299
110.099998474 -0.985562 -1.73655 -2.76929
110.150001526 -0.991093 -1.73584 -2.77152
110.250000000 -1.00168 -1.73445 -2.77574
110.349998474 -1.01206 -1.7331 -2.77989
110.400001526 -1.0174 -1.7324 -2.78202
110.500000000 -1.02818 -1.73101 -2.78629
110.599998474 -1.03896 -1.72958 -2.79057
110.900001526 -1.07066 -1.72541 -2.80329
110.949996948 -1.07605 -1.72469 -2.80545
111.000000000 -1.08117 -1.72401 -2.80752
111.050003052 -1.08606 -1.72336 -2.80946
111.150001526 -1.09685 -1.72195 -2.81375
111.199996948 -1.10192 -1.72128 -2.81577
111.250000000 -1.10756 -1.72056 -2.81803
111.349998474 -1.11831 -1.71913 -2.82232
111.400001526 -1.12329 -1.71846 -2.82432
111.500000000 -1.13427 -1.71703 -2.82871
111.550003052 -1.13945 -1.71633 -2.83077
111.599998474 -1.14437 -1.71567 -2.83275
111.650001526 -1.14987 -1.71496 -2.83496
111.699996948 -1.15523 -1.71426 -2.83708
111.800003052 -1.16522 -1.71292 -2.84103
111.849998474 -1.17066 -1.71221 -2.84322
112.000000000 -1.18668 -1.7101 -2.84959
112.199996948 -1.20795 -1.70727 -2.85804
112.349998474 -1.22345 -1.70516 -2.86419
112.400001526 -1.22895 -1.70446 -2.86639
112.449996948 -1.23431 -1.70372 -2.86853
112.500000000 -1.23942 -1.70305 -2.87055
112.699996948 -1.2609 -1.70018 -2.87913
112.800003052 -1.27193 -1.69872 -2.88358
112.849998474 -1.27712 -1.698 -2.88566
112.900001526 -1.28206 -1.69735 -2.88762
113.000000000 -1.29297 -1.69591 -2.89201
113.099998474 -1.303 -1.69453 -2.89603
113.199996948 -1.31381 -1.6931 -2.90033
113.300003052 -1.32455 -1.69168 -2.90456
113.349998474 -1.33005 -1.69092 -2.90675
113.449996948 -1.3403 -1.68951 -2.91085
113.500000000 -1.34589 -1.6888 -2.91304
113.550003052 -1.35131 -1.68805 -2.91521
113.900001526 -1.38864 -1.683 -2.93012
114.000000000 -1.39892 -1.68159 -2.93423
114.050003052 -1.40452 -1.68084 -2.93652
114.099998474 -1.40998 -1.68011 -2.93869
114.199996948 -1.42011 -1.67871 -2.9427
114.250000000 -1.42564 -1.67797 -2.94492
114.300003052 -1.43102 -1.67725 -2.94707
114.349998474 -1.43615 -1.67653 -2.94911
114.400001526 -1.44104 -1.67587 -2.95106
114.449996948 -1.44653 -1.67514 -2.95328
114.500000000 -1.45186 -1.67444 -2.95539
114.550003052 -1.45694 -1.67373 -2.9574
114.599998474 -1.46262 -1.67301 -2.95961
114.650001526 -1.46812 -1.67223 -2.9618
114.699996948 -1.47337 -1.67152 -2.9639
114.750000000 -1.47837 -1.67081 -2.96589
114.900001526 -1.49457 -1.66864 -2.97232
115.000000000 -1.50503 -1.66723 -2.9764
115.050003052 -1.51039 -1.66648 -2.97859
115.099998474 -1.51551 -1.66579 -2.98062
115.150001526 -1.5212 -1.66502 -2.98291
115.199996948 -1.52674 -1.66429 -2.98508
115.250000000 -1.532 -1.66355 -2.98718
115.300003052 -1.53702 -1.66288 -2.98918
115.349998474 -1.54262 -1.66212 -2.99143
115.400001526 -1.54808 -1.66139 -2.9936
115.750000000 -1.58555 -1.65625 -3.00849
115.800003052 -1.59084 -1.65554 -3.01059
115.849998474 -1.59587 -1.65482 -3.01261
115.949996948 -1.60696 -1.65332 -3.01702
116.199996948 -1.63321 -1.64974 -3.02737
116.250000000 -1.63892 -1.64896 -3.02969
116.349998474 -1.64978 -1.64747 -3.03399
116.449996948 -1.66047 -1.64602 -3.03824
116.550003052 -1.67116 -1.64454 -3.04253
116.599998474 -1.67613 -1.64387 -3.04448
116.750000000 -1.69224 -1.64166 -3.05095
116.800003052 -1.69714 -1.64099 -3.05287
116.900001526 -1.70798 -1.63953 -3.05719
117.000000000 -1.71875 -1.63806 -3.06143
117.099998474 -1.72951 -1.63657 -3.06572
117.150001526 -1.7345 -1.63585 -3.06773
117.199996948 -1.74009 -1.63512 -3.06991
117.349998474 -1.75563 -1.63295 -3.07614
117.449996948 -1.76652 -1.63147 -3.08046
117.550003052 -1.77733 -1.63 -3.08478
117.599998474 -1.78288 -1.62926 -3.08696
117.699996948 -1.79316 -1.62783 -3.09105
117.750000000 -1.79878 -1.62706 -3.0933
117.849998474 -1.80942 -1.62558 -3.09758
117.900001526 -1.81438 -1.6249 -3.09954
118.150001526 -1.84171 -1.62114 -3.11047
118.199996948 -1.847 -1.62042 -3.11255
118.300003052 -1.85765 -1.61896 -3.1168
118.449996948 -1.87326 -1.61677 -3.12306
118.500000000 -1.87881 -1.61604 -3.12523
118.599998474 -1.88935 -1.61458 -3.12945
118.650001526 -1.89506 -1.61379 -3.13172
118.699996948 -1.90063 -1.61304 -3.13391
118.750000000 -1.90591 -1.61228 -3.13605
118.800003052 -1.91096 -1.6116 -3.13804
118.849998474 -1.91658 -1.61082 -3.14029
118.900001526 -1.92207 -1.61008 3.14073
119.000000000 -1.93222 -1.60866 3.13665
119.099998474 -1.94319 -1.60716 3.1323
119.150001526 -1.94832 -1.60643 3.13025
119.250000000 -1.95873 -1.605 3.12615
119.349998474 -1.96916 -1.60354 3.12199
119.400001526 -1.97484 -1.60278 3.11977
119.449996948 -1.98034 -1.602 3.11752
119.500000000 -1.98561 -1.6013 3.11545
119.550003052 -1.99059 -1.60058 3.11342
119.800003052 -2.01724 -1.59692 3.10279
119.849998474 -2.02259 -1.59616 3.10061
119.949996948 -2.03341 -1.59466 3.0963
120.000000000 -2.03895 -1.59391 3.09412
120.050003052 -2.04422 -1.59316 3.09197
120.099998474 -2.04925 -1.59249 3.08998
120.199996948 -2.06032 -1.59098 3.0856
120.250000000 -2.06549 -1.59025 3.08353
120.349998474 -2.07598 -1.58881 3.07936
120.400001526 -2.08138 -1.58809 3.07722
120.500000000 -2.0922 -1.5866 3.0729
120.550003052 -2.09773 -1.58582 3.07063
120.699996948 -2.11366 -1.58364 3.0643
120.750000000 -2.11911 -1.58287 3.06209
120.949996948 -2.14018 -1.57997 3.05366
121.000000000 -2.14532 -1.57928 3.05164
121.150001526 -2.15208 -1.57913 2.95467
121.250000000 -2.16098 -1.57804 2.95351
121.300003052 -2.16605 -1.57733 2.95583
121.349998474 -2.17069 -1.57579 2.95767
121.449996948 -2.17883 -1.5701 2.95986
121.500000000 -2.18258 -1.5669 2.96068
121.650001526 -2.19205 -1.55468 2.96147
121.699996948 -2.19485 -1.55032 2.96137
121.750000000 -2.1975 -1.54614 2.96132
121.800003052 -2.19983 -1.54135 2.96075
121.849998474 -2.20209 -1.53666 2.96036
121.900001526 -2.20426 -1.53221 2.95989
121.949996948 -2.20612 -1.5271 2.95922
122.050003052 -2.20967 -1.51743 2.9577
122.199996948 -2.21393 -1.50202 2.95448
122.250000000 -2.21505 -1.49649 2.95323
122.400001526 -2.21822 -1.48115 2.94944
122.449996948 -2.219 -1.47567 2.94803
122.500000000 -2.21978 -1.47036 2.94644
122.550003052 -2.22052 -1.46529 2.94515
122.699996948 -2.22211 -1.44897 2.94015
122.750000000 -2.2226 -1.444 2.93873
122.849998474 -2.22323 -1.43306 2.93522
123.000000000 -2.22395 -1.41754 2.93009
123.050003052 -2.22407 -1.41221 2.92832
123.099998474 -2.22419 -1.40714 2.92648
123.150001526 -2.22413 -1.40149 2.92457
123.199996948 -2.22412 -1.396 2.92253
123.250000000 -2.2241 -1.39076 2.92073
123.300003052 -2.22409 -1.38578 2.91883
123.349998474 -2.2239 -1.38023 2.91689
123.400001526 -2.22377 -1.37482 2.91481
123.449996948 -2.22363 -1.36966 2.91298
123.500000000 -2.22351 -1.36476 2.91106
123.599998474 -2.22298 -1.35393 2.90695
123.699996948 -2.22239 -1.34319 2.90291
123.750000000 -2.22204 -1.33769 2.90083
123.800003052 -2.22172 -1.33246 2.89871
123.849998474 -2.22142 -1.32746 2.89684
123.900001526 -2.22098 -1.32191 2.89463
123.949996948 -2.22055 -1.3165 2.89255
124.099998474 -2.2193 -1.30095 2.88632
124.150001526 -2.21882 -1.2956 2.88422
124.250000000 -2.2178 -1.28487 2.87988
124.400001526 -2.21628 -1.26914 2.87338
124.449996948 -2.21566 -1.26357 2.87119
124.550003052 -2.21454 -1.253 2.86685
124.599998474 -2.21403 -1.24809 2.86475
124.699996948 -2.2128 -1.23726 2.86029
124.800003052 -2.21155 -1.22651 2.8559
124.849998474 -2.21089 -1.22101 2.85369
124.949996948 -2.2097 -1.21078 2.84942
125.000000000 -2.20902 -1.20522 2.8471
125.150001526 -2.20713 -1.18973 2.84065
125.199996948 -2.20642 -1.18424 2.8383
125.250000000 -2.20574 -1.17889 2.83612
125.300003052 -2.2051 -1.17381 2.83386
125.400001526 -2.20361 -1.16265 2.82918
125.449996948 -2.20292 -1.1574 2.82702
125.500000000 -2.20228 -1.15241 2.82481
125.550003052 -2.2015 -1.14684 2.82256
125.650001526 -2.2001 -1.13627 2.81807
125.699996948 -2.19946 -1.13136 2.8159
125.750000000 -2.19867 -1.12585 2.8137
125.800003052 -2.19795 -1.12051 2.81135
125.849998474 -2.19726 -1.11541 2.80926
126.050003052 -2.19431 -1.09401 2.80023
126.099998474 -2.19352 -1.08846 2.79787
126.150001526 -2.19276 -1.08303 2.79567
126.199996948 -2.19204 -1.07788 2.79336
126.250000000 -2.19136 -1.07295 2.79135
126.449996948 -2.18823 -1.05138 2.78221
126.500000000 -2.18746 -1.04588 2.77978
126.599998474 -2.18601 -1.03563 2.77541
126.750000000 -2.18364 -1.01947 2.7686
126.800003052 -2.18295 -1.01457 2.76641
126.849998474 -2.18212 -1.00907 2.76418
126.900001526 -2.18135 -1.00373 2.76183
126.949996948 -2.18061 -0.998617 2.75972
127.000000000 -2.17992 -0.993771 2.75753
127.050003052 -2.17908 -0.98834 2.75532
127.099998474 -2.17832 -0.983056 2.75298
127.250000000 -2.17594 -0.966953 2.74631
127.300003052 -2.17518 -0.961766 2.74398
127.349998474 -2.17445 -0.956811 2.74193
127.400001526 -2.17362 -0.951304 2.73958
127.500000000 -2.17208 -0.940798 2.73509
127.550003052 -2.17134 -0.935907 2.73307
127.599998474 -2.17052 -0.930465 2.73073
127.699996948 -2.16897 -0.920084 2.7263
127.800003052 -2.16726 -0.908993 2.72156
127.900001526 -2.16574 -0.898799 2.7172
127.949996948 -2.16487 -0.893251 2.71496
128.149993896 -2.16169 -0.87234 2.7061
128.199996948 -2.16089 -0.867017 2.70374
128.300003052 -2.15925 -0.85631 2.69927
128.399993896 -2.15762 -0.84559 2.69471
128.449996948 -2.15686 -0.840593 2.69267
128.500000000 -2.15601 -0.835062 2.69029
128.550003052 -2.15518 -0.829648 2.68808
128.600006104 -2.1544 -0.824503 2.68581
128.649993896 -2.15364 -0.819591 2.68379
128.699996948 -2.15279 -0.814138 2.68142
128.750000000 -2.15197 -0.80879 2.67922
129.100006104 -2.14614 -0.771402 2.66315
129.149993896 -2.14533 -0.76623 2.66103
129.250000000 -2.1437 -0.75585 2.65657
129.300003052 -2.14288 -0.750521 2.65422
129.350006104 -2.14208 -0.745422 2.65216
129.399993896 -2.14135 -0.740582 2.65002
129.449996948 -2.14046 -0.735163 2.6478
129.500000000 -2.13965 -0.729885 2.64549
129.550003052 -2.13885 -0.724833 2.64344
129.600006104 -2.13797 -0.719256 2.64105
129.699996948 -2.13631 -0.708608 2.6365
129.850006104 -2.1338 -0.692789 2.62989
129.899993896 -2.13302 -0.687687 2.62762
129.949996948 -2.13225 -0.682804 2.62563
130.050003052 -2.13054 -0.672063 2.62111
130.100006104 -2.12977 -0.667018 2.61885
130.149993896 -2.12882 -0.661423 2.61653
130.199996948 -2.12796 -0.655961 2.61413
130.250000000 -2.12713 -0.650746 2.61202
130.350006104 -2.12544 -0.640279 2.60755
130.399993896 -2.1246 -0.634893 2.60519
130.500000000 -2.12303 -0.624874 2.60091
130.550003052 -2.12212 -0.619438 2.59865
130.649993896 -2.12047 -0.609049 2.5942
130.699996948 -2.11974 -0.604221 2.59207
130.850006104 -2.1172 -0.588561 2.58542
130.899993896 -2.11629 -0.583007 2.583
131.050003052 -2.1138 -0.567459 2.57643
131.100006104 -2.11291 -0.56198 2.57403
131.149993896 -2.11203 -0.556611 2.57181
131.399993896 -2.10791 -0.5309 2.56075
131.449996948 -2.10695 -0.525334 2.55843
131.500000000 -2.10609 -0.519873 2.55603
131.550003052 -2.10524 -0.514666 2.55386
131.649993896 -2.10351 -0.504234 2.54937
131.750000000 -2.10181 -0.493716 2.54486
131.800003052 -2.10105 -0.488843 2.54272
131.850006104 -2.10011 -0.483422 2.54045
131.899993896 -2.09927 -0.478109 2.53812
131.949996948 -2.09843 -0.473037 2.536
132.050003052 -2.09673 -0.462855 2.53166
132.149993896 -2.09507 -0.452576 2.52725
132.199996948 -2.09414 -0.447037 2.52481
132.250000000 -2.09323 -0.441611 2.52257
132.350006104 -2.0916 -0.431514 2.51825
132.399993896 -2.09068 -0.42605 2.51586
132.449996948 -2.08978 -0.42069 2.51362
132.550003052 -2.08815 -0.41073 2.50931
132.600006104 -2.08725 -0.405327 2.50693
132.649993896 -2.08636 -0.400029 2.50469
132.850006104 -2.0828 -0.3788 2.49555
133.199996948 -2.07669 -0.342287 2.47984
133.250000000 -2.07584 -0.33722 2.4777
133.300003052 -2.07508 -0.332408 2.47562
133.350006104 -2.07413 -0.327062 2.47333
133.449996948 -2.07243 -0.316782 2.46896
133.550003052 -2.07056 -0.305811 2.46425
133.600006104 -2.06972 -0.300639 2.46199
133.649993896 -2.06889 -0.295712 2.45992
133.699996948 -2.06796 -0.290261 2.45749
133.800003052 -2.06621 -0.279813 2.45303
133.850006104 -2.0654 -0.274954 2.451
133.899993896 -2.06448 -0.269561 2.44862
134.000000000 -2.06275 -0.259234 2.44419
134.050003052 -2.06175 -0.253694 2.44184
134.100006104 -2.06086 -0.248244 2.43947
134.149993896 -2.05997 -0.243049 2.4373
134.199996948 -2.05916 -0.238097 2.43515
134.250000000 -2.05817 -0.232637 2.4328
134.350006104 -2.05642 -0.222129 2.42833
134.550003052 -2.05289 -0.201497 2.41947
134.600006104 -2.05211 -0.196685 2.41737
134.649993896 -2.05114 -0.191351 2.41507
134.699996948 -2.05027 -0.186093 2.4128
134.750000000 -2.04941 -0.181077 2.41072
134.800003052 -2.04846 -0.175545 2.40827
134.850006104 -2.04751 -0.170112 2.406
134.899993896 -2.04666 -0.164948 2.40376
134.949996948 -2.04582 -0.160019 2.40173
135.000000000 -2.04488 -0.154576 2.39933
135.050003052 -2.04396 -0.149221 2.39709
135.100006104 -2.0431 -0.144132 2.39489
135.250000000 -2.04043 -0.128583 2.38829
135.350006104 -2.03859 -0.118014 2.38372
135.449996948 -2.03678 -0.107358 2.37921
135.600006104 -2.03405 -0.0915875 2.37241
135.649993896 -2.03317 -0.0864565 2.37028
135.699996948 -2.03235 -0.0815825 2.36816
135.800003052 -2.03049 -0.0708799 2.36354
135.850006104 -2.02962 -0.0658144 2.36144
135.949996948 -2.02785 -0.0556452 2.35707
136.000000000 -2.02696 -0.0503961 2.35482
136.149993896 -2.02419 -0.0344178 2.34806
136.300003052 -2.02151 -0.0188765 2.34141
136.350006104 -2.02056 -0.0135202 2.33917
136.550003052 -2.01701 0.00712664 2.33042
136.600006104 -2.01616 0.0121605 2.32825
136.750000000 -2.01331 0.0283511 2.32138
136.850006104 -2.01148 0.0387605 2.31692
136.899993896 -2.01056 0.0441269 2.31462
136.949996948 -2.00967 0.0492547 2.31249
137.000000000 -2.00885 0.0541354 2.31041
137.050003052 -2.00787 0.0595332 2.30811
137.149993896 -2.00607 0.0699088 2.30373
137.199996948 -2.00525 0.0747306 2.30169
137.250000000 -2.00429 0.080074 2.29941
137.300003052 -2.00339 0.0853313 2.29714
137.399993896 -2.00153 0.0958737 2.29266
137.500000000 -1.9997 0.106482 2.28817
137.550003052 -1.99884 0.111416 2.28612
137.600006104 -1.99786 0.11686 2.2837
137.649993896 -1.99692 0.12223 2.28148
137.949996948 -1.9916 0.152718 2.26863
138.000000000 -1.99066 0.158049 2.26631
138.199996948 -1.98693 0.179207 2.25736
138.449996948 -1.98235 0.205161 2.24646
138.550003052 -1.98055 0.215386 2.24214
138.600006104 -1.97963 0.220667 2.23989
138.649993896 -1.97874 0.225707 2.23782
138.699996948 -1.97791 0.230505 2.23579
138.750000000 -1.97695 0.235835 2.23355
138.800003052 -1.97604 0.241075 2.23135
138.850006104 -1.97516 0.246081 2.2293
138.899993896 -1.97417 0.251577 2.2269
138.949996948 -1.97321 0.257003 2.22469
139.000000000 -1.97231 0.262158 2.22249
139.050003052 -1.97143 0.267082 2.22047
139.250000000 -1.96777 0.287812 2.21178
139.300003052 -1.96681 0.293189 2.20943
139.350006104 -1.96587 0.298484 2.20727
139.399993896 -1.96499 0.303515 2.20513
139.449996948 -1.96413 0.308325 2.20318
139.550003052 -1.96226 0.318902 2.19872
139.600006104 -1.96139 0.323884 2.1966
139.649993896 -1.9604 0.329382 2.19428
139.750000000 -1.95853 0.339952 2.18988
139.800003052 -1.95767 0.344862 2.18779
139.850006104 -1.95669 0.350295 2.18551
139.899993896 -1.95575 0.355634 2.18325
139.949996948 -1.95485 0.360735 2.18117
140.000000000 -1.95399 0.365582 2.17913
140.399993896 -1.94658 0.407181 2.16179
140.500000000 -1.9447 0.417758 2.15743
140.600006104 -1.94286 0.428126 2.15311
140.699996948 -1.94102 0.438573 2.14883
140.800003052 -1.93918 0.44883 2.14458
140.850006104 -1.93824 0.454129 2.14242
141.050003052 -1.93458 0.474572 2.13397
141.250000000 -1.93081 0.495665 2.12523
141.449996948 -1.92709 0.51649 2.11663
141.500000000 -1.92622 0.521338 2.11461
141.550003052 -1.92526 0.52674 2.11237
141.600006104 -1.92432 0.532029 2.11016
141.649993896 -1.92341 0.537091 2.10814
141.699996948 -1.92256 0.541889 2.10613
141.800003052 -1.92067 0.55249 2.10174
141.949996948 -1.9178 0.568469 2.09523
142.000000000 -1.91687 0.573631 2.09309
142.100006104 -1.91501 0.58403 2.08884
142.250000000 -1.91224 0.599365 2.08261
142.300003052 -1.91128 0.604761 2.08035
142.500000000 -1.90761 0.6253 2.07198
142.550003052 -1.90666 0.630561 2.06987
142.600006104 -1.90577 0.63556 2.06781
142.649993896 -1.90479 0.6411 2.06554
142.699996948 -1.90382 0.646518 2.06332
142.750000000 -1.90289 0.651703 2.06124
142.800003052 -1.90201 0.656627 2.05921
142.949996948 -1.89914 0.672566 2.05271
143.000000000 -1.89828 0.677424 2.05072
143.100006104 -1.89636 0.688143 2.04636
143.199996948 -1.89458 0.698014 2.04236
143.250000000 -1.89362 0.703386 2.04014
143.350006104 -1.89178 0.713656 2.03598
143.399993896 -1.89078 0.719197 2.03368
143.449996948 -1.8898 0.724642 2.03151
143.550003052 -1.88796 0.734757 2.02744
143.600006104 -1.88699 0.740226 2.02515
143.649993896 -1.88601 0.7456 2.02303
143.750000000 -1.88418 0.755581 2.01899
143.850006104 -1.88225 0.766303 2.01462
143.899993896 -1.88134 0.771348 2.01257
144.000000000 -1.87951 0.781539 2.00844
144.050003052 -1.87854 0.786806 2.00634
144.100006104 -1.87764 0.791809 2.0043
144.149993896 -1.87666 0.797361 2.00203
144.199996948 -1.87568 0.802788 1.99978
144.350006104 -1.87286 0.818385 1.99343
144.399993896 -1.87189 0.823739 1.99125
144.449996948 -1.87096 0.828862 1.98921
144.500000000 -1.87009 0.833726 1.98724
144.550003052 -1.86914 0.839154 1.98501
144.649993896 -1.86724 0.849523 1.98084
144.850006104 -1.86351 0.869995 1.97248
144.949996948 -1.86153 0.88099 1.96807
145.000000000 -1.86059 0.886167 1.96595
145.100006104 -1.8587 0.896596 1.96172
145.199996948 -1.85679 0.90708 1.9575
145.250000000 -1.85589 0.911956 1.95555
145.300003052 -1.85494 0.917382 1.95336
145.350006104 -1.85396 0.922696 1.95121
145.399993896 -1.85304 0.92775 1.94916
145.449996948 -1.85204 0.933341 1.94687
145.600006104 -1.84918 0.949011 1.94055
145.649993896 -1.84819 0.954532 1.93827
145.899993896 -1.84341 0.980772 1.92761
146.000000000 -1.84159 0.9907 1.9236
146.050003052 -1.84061 0.996108 1.92139
146.199996948 -1.83774 1.01203 1.91499
146.500000000 -1.83195 1.04368 1.90223
146.550003052 -1.83104 1.04858 1.90027
146.649993896 -1.82908 1.05936 1.8959
146.800003052 -1.82629 1.07468 1.88972
146.850006104 -1.82531 1.07996 1.88758
146.899993896 -1.82439 1.08498 1.88554
146.949996948 -1.82339 1.09056 1.88326
147.000000000 -1.8224 1.096 1.88103
147.050003052 -1.82143 1.1012 1.87895
147.100006104 -1.82053 1.10614 1.87696
147.199996948 -1.81856 1.11702 1.87256
147.250000000 -1.8176 1.12215 1.87051
147.300003052 -1.8167 1.12702 1.86856
147.399993896 -1.81474 1.13779 1.86419
147.449996948 -1.81379 1.14286 1.86215
147.500000000 -1.81279 1.14848 1.85991
147.550003052 -1.81176 1.15397 1.85771
147.600006104 -1.8108 1.1592 1.85561
147.649993896 -1.80987 1.16418 1.8536
147.750000000 -1.80787 1.17514 1.84923
147.850006104 -1.806 1.1852 1.84519
147.949996948 -1.80402 1.19601 1.84082
148.000000000 -1.80308 1.2011 1.83877
148.050003052 -1.80218 1.20595 1.83683
148.100006104 -1.80121 1.21138 1.83467
148.149993896 -1.80022 1.21668 1.83255
148.250000000 -1.79829 1.22732 1.82825
148.300003052 -1.79728 1.23278 1.82605
148.449996948 -1.79437 1.24843 1.81972
148.550003052 -1.7924 1.25895 1.81546
148.600006104 -1.7915 1.26383 1.81349
148.649993896 -1.7905 1.26929 1.81127
148.750000000 -1.78855 1.27969 1.80706
148.800003052 -1.78754 1.28533 1.80481
148.850006104 -1.7865 1.29081 1.80259
148.899993896 -1.78553 1.29605 1.80049
148.949996948 -1.78459 1.30105 1.79851
149.050003052 -1.78258 1.31201 1.79413
149.100006104 -1.78163 1.31717 1.79206
149.199996948 -1.77973 1.32758 1.78792
149.300003052 -1.77776 1.33802 1.78375
149.350006104 -1.77684 1.34287 1.78182
149.399993896 -1.77586 1.34831 1.77962
149.449996948 -1.77486 1.3536 1.77748
149.500000000 -1.77392 1.35863 1.77543
149.649993896 -1.77088 1.3749 1.76882
149.850006104 -1.76696 1.3959 1.76034
149.949996948 -1.76504 1.40626 1.75616
150.250000000 -1.75911 1.43802 1.74346
150.300003052 -1.75812 1.44359 1.74125
150.350006104 -1.75708 1.449 1.73905
150.399993896 -1.75612 1.45415 1.73699
150.500000000 -1.75419 1.46458 1.73287
150.600006104 -1.75222 1.475 1.72866
150.649993896 -1.75129 1.47985 1.72673
150.899993896 -1.7463 1.50668 1.71592
150.949996948 -1.7453 1.51188 1.71382
151.000000000 -1.74438 1.51684 1.71182
151.050003052 -1.74337 1.52237 1.70958
151.100006104 -1.74237 1.52776 1.70741
151.149993896 -1.74137 1.53289 1.70532
151.199996948 -1.74045 1.53778 1.70338
151.300003052 -1.73845 1.54858 1.69908
151.399993896 -1.73645 1.55931 1.69481
151.449996948 -1.73538 1.5648 1.69256
151.550003052 -1.73346 1.575 1.68849
151.600006104 -1.73246 1.58057 1.68628
151.699996948 -1.73046 1.59111 1.68203
151.750000000 -1.72951 1.59602 1.68005
151.850006104 -1.7275 1.60686 1.67574
151.899993896 -1.72655 1.61194 1.6737
152.000000000 -1.72448 1.62311 1.66921
152.050003052 -1.72346 1.62834 1.66708
152.100006104 -1.72252 1.63333 1.6651
152.149993896 -1.72148 1.63891 1.66284
152.199996948 -1.72046 1.64434 1.66067
152.300003052 -1.71854 1.65442 1.65664
152.350006104 -1.71751 1.65992 1.65441
152.399993896 -1.71651 1.66528 1.65226
152.500000000 -1.71462 1.67523 1.64822
152.550003052 -1.71359 1.68068 1.64601
152.600006104 -1.7126 1.68598 1.64387
152.649993896 -1.71162 1.69102 1.64183
152.800003052 -1.70856 1.70732 1.63533
152.850006104 -1.70759 1.71228 1.6333
152.949996948 -1.70554 1.72323 1.62891
153.000000000 -1.70458 1.72836 1.62685
153.050003052 -1.70363 1.73324 1.62488
153.149993896 -1.7016 1.74404 1.62054
153.199996948 -1.70065 1.74911 1.61852
153.250000000 -1.69958 1.75475 1.61623
153.350006104 -1.69754 1.76547 1.6119
153.449996948 -1.69556 1.77601 1.60767
153.500000000 -1.69456 1.78142 1.60555
153.649993896 -1.6916 1.79697 1.59923
153.699996948 -1.69061 1.80233 1.59711
153.850006104 -1.68751 1.81858 1.59058
153.899993896 -1.68654 1.82383 1.58851
154.100006104 -1.68253 1.84498 1.58002
154.199996948 -1.68057 1.8554 1.57587
154.250000000 -1.67953 1.86073 1.57368
154.300003052 -1.67857 1.86583 1.57165
154.350006104 -1.6775 1.8715 1.56938
154.399993896 -1.67649 1.87702 1.5672
154.500000000 -1.67451 1.88727 1.56306
154.550003052 -1.67346 1.89286 1.56082
154.600006104 -1.67245 1.8983 1.55866
154.649993896 -1.67145 1.90346 1.55654
154.750000000 -1.66949 1.9139 1.55235
154.850006104 -1.6675 1.92436 1.54812
154.899993896 -1.66646 1.93005 1.54588
155.050003052 -1.66343 1.94581 1.5395
155.100006104 -1.6624 1.9514 1.53729
155.550003052 -1.6533 1.99935 1.518
155.649993896 -1.6513 2.00995 1.51377
155.750000000 -1.64928 2.02055 1.5095
155.850006104 -1.6473 2.031 1.50529
155.949996948 -1.6453 2.04148 1.50104
156.000000000 -1.64425 2.04717 1.49881
156.100006104 -1.64219 2.05796 1.49446
156.300003052 -1.63818 2.07914 1.4859
156.350006104 -1.63723 2.08405 1.48391
156.500000000 -1.63421 2.10002 1.47748
156.550003052 -1.63313 2.10569 1.4752
156.649993896 -1.63107 2.11646 1.47085
156.699996948 -1.63014 2.12148 1.46888
156.800003052 -1.62818 2.13185 1.46475
156.850006104 -1.62717 2.13704 1.46262
156.949996948 -1.62519 2.14754 1.45844
157.000000000 -1.62417 2.15294 1.45628
157.149993896 -1.62124 2.16842 1.45006
157.250000000 -1.61927 2.17881 1.44587
157.350006104 -1.61716 2.18993 1.44143
157.500000000 -1.61421 2.2057 1.43508
157.550003052 -1.61317 2.2111 1.43289
157.600006104 -1.6122 2.21626 1.43084
157.699996948 -1.60785 2.22158 1.41902
157.750000000 -1.60143 2.21779 1.39651
157.800003052 -1.59826 2.21599 1.38009
157.850006104 -1.59786 2.22016 1.37795
157.949996948 -1.59431 2.22577 1.37171
158.000000000 -1.58773 2.22191 1.35306
158.050003052 -1.58475 2.22018 1.33926
158.199996948 -1.58242 2.23007 1.33659
158.250000000 -1.58171 2.23194 1.33355
158.350006104 -1.57811 2.23366 1.32687
158.399993896 -1.57531 2.23368 1.32291
158.449996948 -1.57446 2.23531 1.32119
158.500000000 -1.57174 2.23533 1.31774
158.550003052 -1.57081 2.23707 1.31681
158.649993896 -1.56774 2.23909 1.31147
158.699996948 -1.56524 2.23918 1.30857
158.800003052 -1.55515 2.23414 1.28489
