0.200000003 -2 2 1.5708
0.300000012 -2 2 1.5708
0.300000012 -1.98712 2.00031 1.57349
0.449999988 -1.95305 2.01761 1.55269
0.550000012 -1.95305 2.01761 1.55269
0.550000012 -1.91511 2.00995 1.54094
0.699999988 -1.8649 2.00584 1.51641
0.800000012 -1.82788 2.00382 1.50384
0.800000012 -1.83458 2.00338 1.50001
0.949999988 -1.77948 2.00089 1.4852
0.949999988 -1.78276 2.00242 1.48152
1.100000024 -1.72755 2.00079 1.46402
1.100000024 -1.72755 2.00079 1.46402
1.200000048 -1.73424 1.99946 1.46173
1.350000024 -1.64359 1.99155 1.42591
1.450000048 -1.60716 1.99322 1.41514
1.600000024 -1.55176 1.99495 1.39781
1.700000048 -1.51862 1.9964 1.38444
1.700000048 -1.52558 1.99774 1.37941
1.850000024 -1.47057 1.99777 1.35955
1.950000048 -1.43456 1.99725 1.34718
2.099999905 -1.37945 1.99729 1.33103
2.200000048 -1.35422 1.99294 1.31193
2.349999905 -1.30092 1.9954 1.29578
2.349999905 -1.30257 1.99677 1.29296
2.450000048 -1.2688 1.99593 1.27997
2.599999905 -1.21758 1.99285 1.26108
2.700000048 -1.18124 1.99408 1.25121
2.700000048 -1.18493 1.9933 1.24555
2.849999905 -1.13068 1.9949 1.2294
2.849999905 -1.13736 1.99516 1.22614
2.950000048 -1.09867 1.99908 1.2151
3.099999905 -1.04445 1.99754 1.19759
3.099999905 -1.04759 1.99489 1.19388
3.200000048 -1.04759 1.99489 1.19388
3.349999905 -0.965878 1.99428 1.16227
3.450000048 -0.932681 1.99349 1.1468
3.599999905 -0.932681 1.99349 1.1468
3.700000048 -0.852392 1.99382 1.11326
3.849999905 -0.799723 1.99953 1.0952
3.950000048 -0.762427 1.99652 1.08195
4.050000191 -0.727292 1.99498 1.06886
4.199999809 -0.674296 1.99654 1.05135
4.199999809 -0.675549 1.99354 1.04974
4.300000191 -0.640438 1.99475 1.03807
4.300000191 -0.640438 1.99475 1.03807
4.449999809 -0.593872 1.99784 1.01493
4.449999809 -0.596816 1.99316 1.01567
4.550000191 -0.563808 1.9952 1.00259
4.699999809 -0.513821 1.99724 0.98281
4.800000191 -0.478968 1.99741 0.972039
4.800000191 -0.478968 1.99741 0.972039
4.949999809 -0.429069 1.9965 0.949953
5.050000191 -0.401759 1.9976 0.934133
5.199999809 -0.350061 1.99547 0.916979
5.300000191 -0.317886 2.00136 0.904515
5.449999809 -0.265984 1.99952 0.884319
5.449999809 -0.265984 1.99952 0.884319
5.550000191 -0.236103 1.99873 0.873327
5.699999809 -0.180626 1.99262 0.852427
5.800000191 -0.144459 2.0067 0.834566
5.949999809 -0.0950459 1.99952 0.815847
6.050000191 -0.0950459 1.99952 0.815847
6.050000191 -0.0618266 1.99603 0.803936
6.199999809 -0.0618266 1.99603 0.803936
6.300000191 0.0158462 1.99743 0.770284
6.449999809 0.0666243 2.00119 0.751283
6.550000191 0.0996292 2.00071 0.739795
6.699999809 0.152344 2.00098 0.722292
6.699999809 0.149902 1.99915 0.721571
6.800000191 0.183284 1.99883 0.709277
6.949999809 0.235521 2.00019 0.690428
6.949999809 0.237204 1.99744 0.689253
7.050000191 0.237204 1.99744 0.689253
7.199999809 0.267151 2.00309 0.673506
7.300000191 0.317932 2.00028 0.656529
7.449999809 0.407159 1.99906 0.623814
7.449999809 0.407159 1.99906 0.623814
7.550000191 0.438438 1.99705 0.607902
7.699999809 0.492995 1.99835 0.588952
7.800000191 0.527077 1.99716 0.577038
7.949999809 0.576028 2.00293 0.553003
8.050000191 0.576028 2.00293 0.553003
8.199999809 0.613645 2.00169 0.539887
8.300000191 0.693848 2.00038 0.506703
8.449999809 0.743561 1.99309 0.490066
8.550000191 0.791643 2.0134 0.47175
8.699999809 0.843003 2.00661 0.450379
8.800000191 0.87418 2.00545 0.435861
8.949999809 0.927902 2.00441 0.416389
9.050000191 0.963053 2.00416 0.402027
9.050000191 0.961084 1.99992 0.402973
9.199999809 1.01443 2.00217 0.384124
9.199999809 1.01261 2.00133 0.384359
9.300000191 1.04827 2.00221 0.371391
9.449999809 1.09882 1.9995 0.350988
9.550000191 1.13334 2.004 0.335042
9.699999809 1.18434 1.99784 0.317136
9.800000191 1.18434 1.99784 0.317136
9.949999809 1.21617 2.00426 0.302638
10.050000191 1.30916 2.00159 0.269499
10.050000191 1.30813 2.0006 0.272418
10.199999809 1.30813 2.0006 0.272418
10.300000191 1.36059 2.00089 0.250479
10.300000191 1.39632 2.00193 0.237015
10.449999809 1.3898 1.99949 0.234168
10.550000191 1.44717 2.00056 0.216213
10.699999809 1.53259 1.99967 0.18133
10.800000191 1.56982 2.00043 0.167866
10.800000191 1.56635 2.00053 0.167948
10.949999809 1.62269 1.99909 0.149168
11.050000191 1.62269 1.99909 0.149168
11.199999809 1.70917 1.99989 0.114155
11.300000191 1.70917 1.99989 0.114155
11.300000191 1.74551 2.00206 0.100609
11.449999809 1.8015 2.00108 0.0790664
11.449999809 1.8015 2.00108 0.0790664
11.550000191 1.79737 1.99853 0.0803858
11.699999809 1.82911 1.99619 0.067515
11.699999809 1.88422 1.9985 0.0473192
11.800000191 1.89833 1.99807 0.0426664
11.949999809 1.9711 1.97317 0.000317443
12.050000191 1.98085 1.93831 -0.0149417
12.050000191 1.9827 1.93823 -0.0180188
12.199999809 1.98728 1.89404 -0.0446181
12.300000191 1.98728 1.89404 -0.0446181
12.300000191 1.99097 1.85708 -0.0544917
12.449999809 1.99614 1.80237 -0.0780582
12.550000191 1.99506 1.77153 -0.0951166
12.699999809 1.99506 1.77153 -0.0951166
12.699999809 1.99738 1.7164 -0.111273
12.800000191 1.99409 1.72306 -0.114913
12.800000191 1.99409 1.72306 -0.114913
12.949999809 1.99573 1.63586 -0.14206
12.949999809 1.994 1.63037 -0.144248
13.050000191 1.99534 1.59367 -0.157712
13.050000191 1.99374 1.59534 -0.158845
13.199999809 1.99699 1.54351 -0.181221
13.300000191 1.99699 1.54351 -0.181221
13.449999809 1.99573 1.45662 -0.210939
13.449999809 1.99832 1.46039 -0.214991
13.550000191 1.99495 1.42419 -0.228536
13.699999809 1.99335 1.37741 -0.25018
13.800000191 1.99536 1.34498 -0.26212
13.949999809 1.99637 1.29331 -0.282441
14.050000191 1.99637 1.29331 -0.282441
14.199999809 1.99659 1.25847 -0.295178
14.199999809 1.99421 1.20709 -0.313434
14.300000191 1.99276 1.17399 -0.326579
14.449999809 1.99646 1.12365 -0.348817
14.550000191 1.99627 1.08728 -0.360486
14.550000191 1.99407 1.09162 -0.361634
14.699999809 1.99407 1.09162 -0.361634
14.699999809 1.99491 1.03789 -0.375098
14.800000191 1.99603 1.00773 -0.39556
14.949999809 1.99642 0.952405 -0.412817
15.050000191 1.99597 0.916931 -0.425384
15.050000191 1.99145 0.92176 -0.428183
15.199999809 1.99145 0.92176 -0.428183
15.300000191 1.99553 0.837549 -0.462101
15.449999809 1.99553 0.837549 -0.462101
15.550000191 1.99342 0.786816 -0.479175
15.550000191 1.99731 0.750076 -0.49431
15.699999809 1.99855 0.699874 -0.515017
15.800000191 1.99701 0.663381 -0.526775
15.949999809 1.99701 0.663381 -0.526775
16.100000381 1.99563 0.567048 -0.568285
16.200000763 1.99563 0.567048 -0.568285
16.200000763 1.99563 0.567048 -0.568285
16.350000381 1.99524 0.534185 -0.580285
16.450000763 1.9958 0.45416 -0.612981
16.600000381 1.99684 0.401578 -0.626445
16.600000381 1.99684 0.401578 -0.626445
16.700000763 1.99688 0.404097 -0.631691
16.850000381 1.9964 0.318045 -0.665281
16.950000763 1.9964 0.318045 -0.665281
16.950000763 1.99746 0.283269 -0.678744
17.100000381 1.99582 0.238025 -0.696981
17.200000763 1.99711 0.20335 -0.707752
17.200000763 1.99508 0.202979 -0.711837
17.350000381 1.98383 0.147609 -0.726142
17.450000763 1.98383 0.147609 -0.726142
17.600000381 2.00291 0.0680159 -0.766908
17.600000381 2.00291 0.0680159 -0.766908
17.700000763 2.00242 0.0371381 -0.775886
17.700000763 1.99995 0.0382809 -0.777604
17.850000381 1.99763 -0.0123953 -0.796713
17.950000763 1.99763 -0.0123953 -0.796713
17.950000763 1.99901 -0.0475113 -0.810177
18.100000381 1.99943 -0.0454969 -0.808548
18.100000381 1.99871 -0.0980497 -0.82729
18.200000763 1.99871 -0.0980497 -0.82729
18.350000381 2.0017 -0.179192 -0.860706
18.350000381 1.99932 -0.178548 -0.86096
18.450000763 1.9998 -0.213337 -0.874424
18.450000763 2.0001 -0.214186 -0.874862
18.600000381 2.0001 -0.214186 -0.874862
18.600000381 2.00143 -0.266494 -0.892364
18.700000763 1.99765 -0.295057 -0.908141
18.850000381 1.99893 -0.346853 -0.926973
18.950000763 1.99893 -0.346853 -0.926973
18.950000763 2.0002 -0.382038 -0.939539
19.100000381 1.99469 -0.441715 -0.958511
19.200000763 2.0002 -0.470442 -0.9758
19.350000381 2.0002 -0.470442 -0.9758
19.350000381 1.99866 -0.523809 -0.994471
19.450000763 2.00436 -0.555783 -1.00843
19.600000381 1.99963 -0.605304 -1.02957
19.700000763 2.0012 -0.642226 -1.04209
19.850000381 1.99948 -0.69096 -1.06148
19.950000763 2.00201 -0.724169 -1.07475
20.100000381 2.0072 -0.790683 -1.09835
20.200000763 2.00659 -0.823974 -1.11149
20.350000381 2.0051 -0.876232 -1.13304
20.350000381 2.00743 -0.870624 -1.13435
20.450000763 2.00743 -0.870624 -1.13435
20.600000381 2.00433 -0.95797 -1.16563
20.700000763 2.00433 -0.95797 -1.16563
20.700000763 2.00409 -0.993281 -1.1791
20.850000381 2.00249 -1.04579 -1.1992
20.850000381 2.00264 -1.04229 -1.19794
20.950000763 2.00264 -1.04229 -1.19794
21.100000381 2.00216 -1.13084 -1.23122
21.200000763 2.00456 -1.16247 -1.2456
21.350000381 2.00415 -1.21582 -1.26579
21.450000763 2.00208 -1.21417 -1.26786
21.450000763 2.00149 -1.25041 -1.27944
21.600000381 1.99804 -1.3024 -1.29627
21.700000763 2.00024 -1.33557 -1.31447
21.850000381 2.00024 -1.33557 -1.31447
21.850000381 2.00143 -1.3903 -1.33197
21.950000763 1.99829 -1.38912 -1.33072
21.950000763 1.99964 -1.42631 -1.34688
22.100000381 2.00005 -1.47776 -1.36594
22.200000763 2.00081 -1.51386 -1.3794
22.200000763 2.00081 -1.51386 -1.3794
22.350000381 2.00116 -1.51377 -1.38056
22.350000381 2.00116 -1.51377 -1.38056
22.450000763 2.00028 -1.56425 -1.40234
22.450000763 2.00028 -1.56425 -1.40234
22.600000381 2.00224 -1.65167 -1.43688
22.700000763 2.00224 -1.65167 -1.43688
22.850000381 1.99978 -1.74205 -1.46932
22.950000763 1.99978 -1.74205 -1.46932
22.950000763 1.99978 -1.74205 -1.46932
23.100000381 1.99654 -1.82894 -1.50263
23.200000763 1.99752 -1.86635 -1.51609
23.200000763 1.99834 -1.88306 -1.51991
23.350000381 2.00022 -1.93864 -1.54146
23.350000381 2.00022 -1.93864 -1.54146
23.450000763 1.98678 -1.9548 -1.56089
23.600000381 1.93673 -1.97148 -1.58741
23.700000763 1.90076 -1.98093 -1.59998
23.700000763 1.90803 -1.98226 -1.60603
23.850000381 1.85398 -1.99073 -1.62488
23.850000381 1.85283 -1.99195 -1.62619
23.950000763 1.81594 -1.99337 -1.63965
23.950000763 1.8228 -1.99105 -1.64346
24.100000381 1.8228 -1.99105 -1.64346
24.200000763 1.73605 -1.99711 -1.67585
24.350000381 1.73605 -1.99711 -1.67585
24.350000381 1.68048 -1.99836 -1.69604
24.450000763 1.64856 -1.99656 -1.71041
24.450000763 1.64656 -1.99469 -1.71161
24.600000381 1.59471 -1.99412 -1.7331
24.700000763 1.55789 -1.99542 -1.74476
24.700000763 1.55789 -1.99542 -1.74476
24.850000381 1.51142 -1.99415 -1.76675
24.950000763 1.47507 -1.99494 -1.77842
24.950000763 1.47912 -1.99344 -1.77941
25.100000381 1.42676 -1.99544 -1.7987
25.200000763 1.39035 -1.99556 -1.81162
25.350000381 1.34058 -1.99539 -1.83307
25.450000763 1.30708 -1.99407 -1.84612
25.600000381 1.25441 -1.99527 -1.86622
25.700000763 1.22298 -1.99419 -1.88062
25.850000381 1.16906 -1.99572 -1.89678
25.850000381 1.17173 -1.99748 -1.8997
25.950000763 1.1373 -1.9951 -1.91257
26.100000381 1.08621 -1.99706 -1.93238
26.200000763 1.08621 -1.99706 -1.93238
26.350000381 1.05328 -1.9967 -1.94563
26.350000381 1.00158 -1.994 -1.96673
26.450000763 0.96627 -1.99457 -1.9784
26.450000763 0.96627 -1.99457 -1.9784
26.600000381 0.917278 -1.9968 -1.99996
26.700000763 0.885501 -1.99679 -2.01289
26.850000381 0.831753 -1.99689 -2.0304
26.850000381 0.836021 -1.99625 -2.03392
26.950000763 0.836021 -1.99625 -2.03392
27.100000381 0.801209 -1.99516 -2.04531
27.100000381 0.744956 -1.99353 -2.06418
27.200000763 0.744956 -1.99353 -2.06418
27.350000381 0.662724 -1.99606 -2.10117
27.350000381 0.6674 -1.99576 -2.09974
27.450000763 0.6674 -1.99576 -2.09974
27.450000763 0.6674 -1.99576 -2.09974
27.600000381 0.583283 -1.99683 -2.13216
27.700000763 0.546571 -1.99879 -2.14393
27.850000381 0.546571 -1.99879 -2.14393
27.850000381 0.494533 -1.99773 -2.16547
27.950000763 0.497433 -1.99299 -2.16457
27.950000763 0.462919 -1.99471 -2.17893
28.100000381 0.420662 -1.99778 -2.20037
28.200000763 0.3856 -1.99789 -2.20935
28.200000763 0.386304 -1.9989 -2.21105
28.350000381 0.386304 -1.9989 -2.21105
28.350000381 0.334206 -1.99675 -2.22808
28.450000763 0.334206 -1.99675 -2.22808
28.600000381 0.246577 -1.99666 -2.26074
28.600000381 0.246577 -1.99666 -2.26074
28.700000763 0.213727 -1.9958 -2.27811
28.850000381 0.213727 -1.9958 -2.27811
28.950000763 0.167817 -1.98661 -2.29706
29.100000381 0.0787191 -2.00374 -2.32774
29.100000381 0.0787191 -2.00374 -2.32774
29.200000763 0.0842622 -2.00215 -2.33094
29.200000763 0.0842622 -2.00215 -2.33094
29.350000381 -0.000796477 -1.99733 -2.36189
29.450000763 -0.0359016 -1.99847 -2.37446
29.450000763 -0.0333426 -1.99717 -2.37353
29.600000381 -0.0852325 -1.99751 -2.3926
29.700000763 -0.113318 -1.99839 -2.4074
29.850000381 -0.165435 -1.99973 -2.42625
29.950000763 -0.16513 -1.99968 -2.42663
29.950000763 -0.20036 -2.00031 -2.4392
30.100000381 -0.253399 -1.99975 -2.45838
30.200000763 -0.28828 -2.00019 -2.47185
30.200000763 -0.284789 -2.00322 -2.47352
30.350000381 -0.334248 -2.00238 -2.4939
30.450000763 -0.374828 -1.98357 -2.50432
30.600000381 -0.424069 -1.99888 -2.52519
30.700000763 -0.459425 -2.00006 -2.53776
30.700000763 -0.456787 -1.9983 -2.53914
30.850000381 -0.50624 -2.00166 -2.56094
30.950000763 -0.50624 -2.00166 -2.56094
31.100000381 -0.593742 -2.00263 -2.59524
31.100000381 -0.593742 -2.00263 -2.59524
31.200000763 -0.590975 -1.99953 -2.59385
31.350000381 -0.67367 -2.00194 -2.62549
31.450000763 -0.708819 -2.00238 -2.63985
31.450000763 -0.708882 -2.00237 -2.63983
31.600000381 -0.708882 -2.00237 -2.63983
31.700000763 -0.806779 -2.01205 -2.6745
31.850000381 -0.806779 -2.01205 -2.6745
31.950000763 -0.886335 -2.00398 -2.70992
32.099998474 -0.939456 -2.00354 -2.72877
32.099998474 -0.939473 -2.00317 -2.72945
32.200000763 -0.970766 -2.00744 -2.74307
32.349998474 -1.02336 -2.0045 -2.76405
32.450000763 -1.02336 -2.0045 -2.76405
32.599998474 -1.113 -2.00366 -2.79579
32.599998474 -1.10823 -2.00024 -2.79547
32.700000763 -1.14435 -1.99902 -2.80842
32.849998474 -1.19826 -2.00172 -2.82996
32.849998474 -1.19616 -2.00229 -2.82997
32.950000763 -1.23221 -2.00305 -2.84189
33.099998474 -1.23221 -2.00305 -2.84189
33.099998474 -1.28588 -2.00336 -2.86478
33.200000763 -1.3197 -2.00138 -2.87595
33.349998474 -1.3197 -2.00138 -2.87595
33.450000763 -1.40658 -2.00159 -2.91074
33.450000763 -1.40628 -2.0012 -2.91031
33.599998474 -1.40628 -2.0012 -2.91031
33.700000763 -1.49497 -2.00086 -2.94368
33.700000763 -1.49386 -2.002 -2.94392
33.849998474 -1.49386 -2.002 -2.94392
33.849998474 -1.5481 -1.99732 -2.9636
33.950000763 -1.5481 -1.99732 -2.9636
34.099998474 -1.63524 -2.00091 -2.99852
34.200000763 -1.67229 -2.00149 -3.01198
34.200000763 -1.66846 -1.99977 -3.0115
34.349998474 -1.72244 -1.99728 -3.03245
34.450000763 -1.72244 -1.99728 -3.03245
34.450000763 -1.757 -1.99856 -3.04593
34.599998474 -1.757 -1.99856 -3.04593
34.599998474 -1.81228 -1.9996 -3.06343
34.700000763 -1.8088 -2.00169 -3.06776
34.849998474 -1.91079 -1.9988 -3.10196
34.950000763 -1.92739 -2.00041 3.08159
34.950000763 -1.93724 -1.99859 3.10948
35.099998474 -1.95565 -1.97472 3.04378
35.200000763 -1.96993 -1.94333 3.06442
35.200000763 -1.9721 -1.95301 3.05626
35.349998474 -1.98517 -1.90128 3.07376
35.349998474 -1.98705 -1.9046 3.07122
35.450000763 -1.98705 -1.9046 3.07122
35.599998474 -1.99537 -1.81687 3.06063
35.700000763 -1.99382 -1.78163 3.04972
35.849998474 -1.99288 -1.73273 3.03006
35.950000763 -1.99847 -1.69736 3.01833
36.099998474 -1.99847 -1.69736 3.01833
36.200000763 -1.99197 -1.64368 2.99668
36.349998474 -1.99422 -1.55211 2.96855
36.349998474 -1.99617 -1.5558 2.96418
36.450000763 -1.99935 -1.52311 2.95019
36.599998474 -1.99775 -1.47037 2.9304
36.700000763 -1.99775 -1.47037 2.9304
36.700000763 -1.99722 -1.43457 2.91797
36.849998474 -1.99481 -1.38722 2.89587
36.950000763 -1.99539 -1.3508 2.88509
36.950000763 -1.99304 -1.35087 2.8829
37.099998474 -1.99503 -1.29575 2.86674
37.099998474 -1.99361 -1.30413 2.86131
37.200000763 -1.9978 -1.2668 2.85062
37.349998474 -1.9978 -1.2668 2.85062
37.349998474 -1.99182 -1.21666 2.83136
37.450000763 -1.99341 -1.18363 2.81669
37.599998474 -1.99301 -1.13454 2.79705
37.700000763 -1.99326 -1.09914 2.78375
37.849998474 -1.99626 -1.0474 2.76476
37.950000763 -1.99514 -1.01478 2.74992
38.099998474 -1.99585 -0.960952 2.73242
38.099998474 -1.99804 -0.964257 2.7313
38.200000763 -1.99804 -0.964257 2.7313
38.349998474 -1.99697 -0.880763 2.69941
38.450000763 -1.99393 -0.846222 2.68429
38.599998474 -1.99489 -0.793752 2.66679
38.599998474 -1.9955 -0.800198 2.663
38.700000763 -1.9955 -0.800198 2.663
38.700000763 -1.99722 -0.760324 2.65056
38.849998474 -1.99722 -0.760324 2.65056
38.950000763 -1.99575 -0.677673 2.61869
38.950000763 -1.99369 -0.67504 2.62068
39.099998474 -1.99369 -0.67504 2.62068
39.099998474 -2.00037 -0.625899 2.59841
39.200000763 -2.00037 -0.625899 2.59841
39.200000763 -1.99801 -0.59473 2.5831
39.349998474 -1.9927 -0.545481 2.56619
39.450000763 -1.9948 -0.510041 2.55273
39.450000763 -1.9912 -0.511399 2.55186
39.599998474 -1.99464 -0.459767 2.53436
39.599998474 -1.9953 -0.461347 2.53203
39.700000763 -1.9953 -0.461347 2.53203
39.849998474 -1.99966 -0.378957 2.49999
39.950000763 -1.99966 -0.378957 2.49999
40.099998474 -1.99895 -0.299941 2.46697
40.200000763 -1.99895 -0.299941 2.46697
40.200000763 -1.99841 -0.264565 2.4553
40.349998474 -1.99026 -0.209947 2.43208
40.450000763 -1.99026 -0.209947 2.43208
40.599998474 -1.99821 -0.128449 2.40471
40.599998474 -1.99821 -0.128449 2.40471
40.700000763 -2.00171 -0.0923461 2.38698
40.700000763 -2.00171 -0.0923461 2.38698
40.849998474 -1.9997 -0.0431774 2.36751
40.950000763 -2.00009 -0.00807953 2.35405
40.950000763 -2.00009 -0.00807953 2.35405
41.099998474 -2.00054 0.0402522 2.33727
41.200000763 -2.00054 0.0402522 2.33727
41.200000763 -1.99496 0.0677397 2.32141
41.349998474 -2.00169 0.120099 2.3034
41.450000763 -2.00117 0.15522 2.29083
41.450000763 -2.00117 0.15522 2.29083
41.599998474 -2.00033 0.205273 2.27283
41.599998474 -2.00224 0.206927 2.27196
41.700000763 -2.00305 0.238661 2.25664
41.849998474 -2.00252 0.290849 2.23914
41.849998474 -2.00252 0.290849 2.23914
41.950000763 -1.99894 0.321388 2.22332
42.099998474 -1.99894 0.321388 2.22332
42.099998474 -1.99998 0.373971 2.20447
42.200000763 -1.99261 0.413846 2.19319
42.200000763 -1.99447 0.40999 2.19206
42.349998474 -1.99624 0.462518 2.17222
42.450000763 -2.00024 0.494227 2.1579
42.599998474 -2.00059 0.546637 2.1377
42.599998474 -2.00059 0.546637 2.1377
42.700000763 -1.99881 0.576559 2.12281
42.849998474 -2.00056 0.629719 2.10396
42.849998474 -2.0028 0.629188 2.10427
42.950000763 -2.00355 0.662921 2.09019
43.049999237 -2.0027 0.698147 2.07763
43.099998474 -2.00291 0.715667 2.07059
43.200000763 -2.00291 0.715667 2.07059
43.349998474 -1.99451 0.747038 2.05947
43.349998474 -2.01574 0.809707 2.033
43.450000763 -2.01574 0.809707 2.033
43.599998474 -2.00476 0.895369 2.00173
43.700000763 -2.00418 0.930213 1.98736
43.700000763 -2.00429 0.928577 1.98658
43.849998474 -2.00426 0.982166 1.96773
43.849998474 -2.00224 0.977427 1.96702
43.950000763 -2.00224 0.977427 1.96702
43.950000763 -2.00267 1.01266 1.95266
44.099998474 -2.00172 1.06649 1.93359
44.200000763 -2.0026 1.10245 1.92103
44.200000763 -2.00137 1.10184 1.92096
44.349998474 -2.00201 1.15578 1.89941
44.349998474 -2.00245 1.15065 1.90173
44.450000763 -2.00242 1.1846 1.88539
44.599998474 -2.00059 1.23864 1.86759
44.700000763 -2.00059 1.23864 1.86759
44.849998474 -1.99972 1.32641 1.8334
44.950000763 -2.00212 1.35653 1.8183
45.099998474 -1.99871 1.41263 1.79992
45.200000763 -1.99973 1.44884 1.78645
45.200000763 -2.00026 1.44819 1.7872
45.349998474 -1.99979 1.49856 1.76531
45.450000763 -1.99979 1.49856 1.76531
45.450000763 -1.99991 1.53352 1.75218
45.599998474 -2.00068 1.58949 1.73284
45.700000763 -1.99875 1.6238 1.72018
45.849998474 -2.0022 1.67609 1.69832
45.950000763 -2.00185 1.71288 1.68396
45.950000763 -1.99876 1.71105 1.68317
46.099998474 -1.9998 1.76641 1.66298
46.099998474 -2.00015 1.76045 1.66226
46.200000763 -2.00015 1.76045 1.66226
46.200000763 -1.99843 1.79786 1.65127
46.349998474 -1.99843 1.79786 1.65127
46.450000763 -1.99892 1.89839 1.61322
46.599998474 -1.99598 1.95343 1.59363
46.700000763 -1.98217 1.95437 1.53977
46.849998474 -1.9871 1.97083 1.54992
46.849998474 -1.9621 1.95714 1.41264
46.950000763 -1.9177 1.93829 1.3507
46.950000763 -1.93132 1.94335 1.31599
47.099998474 -1.9004 1.94066 1.31658
47.200000763 -1.87826 1.95711 1.3733
47.349998474 -1.83297 1.97688 1.44062
47.349998474 -1.83104 1.97701 1.44584
